{"D:\\Abraham\\File Prectatore Baladi\\DaScin & WebDev\\Hacktiv8\\Phase-3\\Final Project\\Server\\app.js": {"path":"D:\\Abraham\\File Prectatore Baladi\\DaScin & WebDev\\Hacktiv8\\Phase-3\\Final Project\\Server\\app.js","statementMap":{"0":{"start":{"line":1,"column":0},"end":{"line":3,"column":1}},"1":{"start":{"line":2,"column":2},"end":{"line":2,"column":29}},"2":{"start":{"line":4,"column":16},"end":{"line":4,"column":34}},"3":{"start":{"line":5,"column":13},"end":{"line":5,"column":37}},"4":{"start":{"line":6,"column":12},"end":{"line":6,"column":21}},"5":{"start":{"line":7,"column":13},"end":{"line":7,"column":28}},"6":{"start":{"line":8,"column":15},"end":{"line":8,"column":34}},"7":{"start":{"line":9,"column":19},"end":{"line":9,"column":54}},"8":{"start":{"line":11,"column":0},"end":{"line":11,"column":16}},"9":{"start":{"line":12,"column":0},"end":{"line":12,"column":48}},"10":{"start":{"line":13,"column":0},"end":{"line":13,"column":24}},"11":{"start":{"line":15,"column":0},"end":{"line":15,"column":21}},"12":{"start":{"line":16,"column":0},"end":{"line":16,"column":33}},"13":{"start":{"line":22,"column":0},"end":{"line":22,"column":21}}},"fnMap":{},"branchMap":{"0":{"loc":{"start":{"line":1,"column":0},"end":{"line":3,"column":1}},"type":"if","locations":[{"start":{"line":1,"column":0},"end":{"line":3,"column":1}},{"start":{"line":1,"column":0},"end":{"line":3,"column":1}}],"line":1},"1":{"loc":{"start":{"line":5,"column":13},"end":{"line":5,"column":37}},"type":"binary-expr","locations":[{"start":{"line":5,"column":13},"end":{"line":5,"column":29}},{"start":{"line":5,"column":33},"end":{"line":5,"column":37}}],"line":5}},"s":{"0":1,"1":1,"2":1,"3":1,"4":1,"5":1,"6":1,"7":1,"8":1,"9":1,"10":1,"11":1,"12":1,"13":1},"f":{},"b":{"0":[1,0],"1":[1,0]},"_coverageSchema":"1a1c01bbd47fc00a2c39e90264f33305004495a9","hash":"b65830f19f898b356517593576d2bbdf7ecb30db"}
,"D:\\Abraham\\File Prectatore Baladi\\DaScin & WebDev\\Hacktiv8\\Phase-3\\Final Project\\Server\\controllers\\CategoryController.js": {"path":"D:\\Abraham\\File Prectatore Baladi\\DaScin & WebDev\\Hacktiv8\\Phase-3\\Final Project\\Server\\controllers\\CategoryController.js","statementMap":{"0":{"start":{"line":1,"column":28},"end":{"line":1,"column":48}},"1":{"start":{"line":5,"column":4},"end":{"line":15,"column":5}},"2":{"start":{"line":6,"column":23},"end":{"line":8,"column":8}},"3":{"start":{"line":9,"column":6},"end":{"line":11,"column":7}},"4":{"start":{"line":10,"column":8},"end":{"line":10,"column":54}},"5":{"start":{"line":12,"column":6},"end":{"line":12,"column":36}},"6":{"start":{"line":14,"column":6},"end":{"line":14,"column":17}},"7":{"start":{"line":19,"column":0},"end":{"line":19,"column":35}}},"fnMap":{"0":{"name":"(anonymous_0)","decl":{"start":{"line":4,"column":2},"end":{"line":4,"column":3}},"loc":{"start":{"line":4,"column":36},"end":{"line":16,"column":3}},"line":4}},"branchMap":{"0":{"loc":{"start":{"line":9,"column":6},"end":{"line":11,"column":7}},"type":"if","locations":[{"start":{"line":9,"column":6},"end":{"line":11,"column":7}},{"start":{"line":9,"column":6},"end":{"line":11,"column":7}}],"line":9}},"s":{"0":1,"1":0,"2":0,"3":0,"4":0,"5":0,"6":0,"7":1},"f":{"0":0},"b":{"0":[0,0]},"_coverageSchema":"1a1c01bbd47fc00a2c39e90264f33305004495a9","hash":"25110bc83a8cfd44d577488d2d7072c7e7915345"}
,"D:\\Abraham\\File Prectatore Baladi\\DaScin & WebDev\\Hacktiv8\\Phase-3\\Final Project\\Server\\controllers\\CommentController.js": {"path":"D:\\Abraham\\File Prectatore Baladi\\DaScin & WebDev\\Hacktiv8\\Phase-3\\Final Project\\Server\\controllers\\CommentController.js","statementMap":{"0":{"start":{"line":1,"column":36},"end":{"line":1,"column":56}},"1":{"start":{"line":5,"column":4},"end":{"line":12,"column":5}},"2":{"start":{"line":6,"column":22},"end":{"line":8,"column":8}},"3":{"start":{"line":9,"column":6},"end":{"line":9,"column":35}},"4":{"start":{"line":11,"column":6},"end":{"line":11,"column":17}},"5":{"start":{"line":16,"column":15},"end":{"line":16,"column":28}},"6":{"start":{"line":17,"column":4},"end":{"line":25,"column":5}},"7":{"start":{"line":18,"column":22},"end":{"line":18,"column":48}},"8":{"start":{"line":19,"column":6},"end":{"line":21,"column":7}},"9":{"start":{"line":20,"column":8},"end":{"line":20,"column":53}},"10":{"start":{"line":22,"column":6},"end":{"line":22,"column":35}},"11":{"start":{"line":24,"column":6},"end":{"line":24,"column":17}},"12":{"start":{"line":29,"column":20},"end":{"line":29,"column":28}},"13":{"start":{"line":30,"column":4},"end":{"line":35,"column":5}},"14":{"start":{"line":31,"column":22},"end":{"line":31,"column":51}},"15":{"start":{"line":32,"column":6},"end":{"line":32,"column":35}},"16":{"start":{"line":34,"column":6},"end":{"line":34,"column":17}},"17":{"start":{"line":39,"column":15},"end":{"line":39,"column":28}},"18":{"start":{"line":40,"column":20},"end":{"line":40,"column":28}},"19":{"start":{"line":41,"column":4},"end":{"line":54,"column":5}},"20":{"start":{"line":42,"column":22},"end":{"line":47,"column":8}},"21":{"start":{"line":48,"column":6},"end":{"line":50,"column":7}},"22":{"start":{"line":49,"column":8},"end":{"line":49,"column":53}},"23":{"start":{"line":51,"column":6},"end":{"line":51,"column":41}},"24":{"start":{"line":53,"column":6},"end":{"line":53,"column":17}},"25":{"start":{"line":58,"column":15},"end":{"line":58,"column":28}},"26":{"start":{"line":59,"column":4},"end":{"line":71,"column":5}},"27":{"start":{"line":60,"column":22},"end":{"line":64,"column":8}},"28":{"start":{"line":65,"column":6},"end":{"line":67,"column":7}},"29":{"start":{"line":66,"column":8},"end":{"line":66,"column":53}},"30":{"start":{"line":68,"column":6},"end":{"line":68,"column":56}},"31":{"start":{"line":70,"column":6},"end":{"line":70,"column":17}},"32":{"start":{"line":75,"column":0},"end":{"line":75,"column":34}}},"fnMap":{"0":{"name":"(anonymous_0)","decl":{"start":{"line":4,"column":2},"end":{"line":4,"column":3}},"loc":{"start":{"line":4,"column":36},"end":{"line":13,"column":3}},"line":4},"1":{"name":"(anonymous_1)","decl":{"start":{"line":15,"column":2},"end":{"line":15,"column":3}},"loc":{"start":{"line":15,"column":40},"end":{"line":26,"column":3}},"line":15},"2":{"name":"(anonymous_2)","decl":{"start":{"line":28,"column":2},"end":{"line":28,"column":3}},"loc":{"start":{"line":28,"column":38},"end":{"line":36,"column":3}},"line":28},"3":{"name":"(anonymous_3)","decl":{"start":{"line":38,"column":2},"end":{"line":38,"column":3}},"loc":{"start":{"line":38,"column":38},"end":{"line":55,"column":3}},"line":38},"4":{"name":"(anonymous_4)","decl":{"start":{"line":57,"column":2},"end":{"line":57,"column":3}},"loc":{"start":{"line":57,"column":38},"end":{"line":72,"column":3}},"line":57}},"branchMap":{"0":{"loc":{"start":{"line":19,"column":6},"end":{"line":21,"column":7}},"type":"if","locations":[{"start":{"line":19,"column":6},"end":{"line":21,"column":7}},{"start":{"line":19,"column":6},"end":{"line":21,"column":7}}],"line":19},"1":{"loc":{"start":{"line":48,"column":6},"end":{"line":50,"column":7}},"type":"if","locations":[{"start":{"line":48,"column":6},"end":{"line":50,"column":7}},{"start":{"line":48,"column":6},"end":{"line":50,"column":7}}],"line":48},"2":{"loc":{"start":{"line":65,"column":6},"end":{"line":67,"column":7}},"type":"if","locations":[{"start":{"line":65,"column":6},"end":{"line":67,"column":7}},{"start":{"line":65,"column":6},"end":{"line":67,"column":7}}],"line":65}},"s":{"0":1,"1":0,"2":0,"3":0,"4":0,"5":0,"6":0,"7":0,"8":0,"9":0,"10":0,"11":0,"12":0,"13":0,"14":0,"15":0,"16":0,"17":0,"18":0,"19":0,"20":0,"21":0,"22":0,"23":0,"24":0,"25":0,"26":0,"27":0,"28":0,"29":0,"30":0,"31":0,"32":1},"f":{"0":0,"1":0,"2":0,"3":0,"4":0},"b":{"0":[0,0],"1":[0,0],"2":[0,0]},"_coverageSchema":"1a1c01bbd47fc00a2c39e90264f33305004495a9","hash":"52e411198337846edbcde605216fe17d3d07ef62"}
,"D:\\Abraham\\File Prectatore Baladi\\DaScin & WebDev\\Hacktiv8\\Phase-3\\Final Project\\Server\\controllers\\ComplexController.js": {"path":"D:\\Abraham\\File Prectatore Baladi\\DaScin & WebDev\\Hacktiv8\\Phase-3\\Final Project\\Server\\controllers\\ComplexController.js","statementMap":{"0":{"start":{"line":1,"column":38},"end":{"line":1,"column":58}},"1":{"start":{"line":5,"column":4},"end":{"line":13,"column":5}},"2":{"start":{"line":6,"column":27},"end":{"line":9,"column":8}},"3":{"start":{"line":10,"column":6},"end":{"line":10,"column":45}},"4":{"start":{"line":12,"column":6},"end":{"line":12,"column":16}},"5":{"start":{"line":17,"column":43},"end":{"line":17,"column":51}},"6":{"start":{"line":18,"column":4},"end":{"line":27,"column":5}},"7":{"start":{"line":19,"column":6},"end":{"line":23,"column":9}},"8":{"start":{"line":24,"column":6},"end":{"line":24,"column":72}},"9":{"start":{"line":26,"column":6},"end":{"line":26,"column":16}},"10":{"start":{"line":31,"column":22},"end":{"line":31,"column":36}},"11":{"start":{"line":33,"column":4},"end":{"line":44,"column":5}},"12":{"start":{"line":34,"column":27},"end":{"line":39,"column":8}},"13":{"start":{"line":40,"column":6},"end":{"line":40,"column":73}},"14":{"start":{"line":40,"column":25},"end":{"line":40,"column":73}},"15":{"start":{"line":41,"column":6},"end":{"line":41,"column":45}},"16":{"start":{"line":43,"column":6},"end":{"line":43,"column":16}},"17":{"start":{"line":48,"column":43},"end":{"line":48,"column":51}},"18":{"start":{"line":49,"column":22},"end":{"line":49,"column":36}},"19":{"start":{"line":51,"column":4},"end":{"line":65,"column":5}},"20":{"start":{"line":52,"column":29},"end":{"line":59,"column":7}},"21":{"start":{"line":60,"column":6},"end":{"line":61,"column":56}},"22":{"start":{"line":61,"column":8},"end":{"line":61,"column":56}},"23":{"start":{"line":62,"column":6},"end":{"line":62,"column":76}},"24":{"start":{"line":64,"column":6},"end":{"line":64,"column":16}},"25":{"start":{"line":69,"column":22},"end":{"line":69,"column":36}},"26":{"start":{"line":71,"column":4},"end":{"line":78,"column":5}},"27":{"start":{"line":72,"column":6},"end":{"line":74,"column":9}},"28":{"start":{"line":75,"column":6},"end":{"line":75,"column":71}},"29":{"start":{"line":77,"column":6},"end":{"line":77,"column":16}},"30":{"start":{"line":82,"column":0},"end":{"line":82,"column":35}}},"fnMap":{"0":{"name":"(anonymous_0)","decl":{"start":{"line":4,"column":2},"end":{"line":4,"column":3}},"loc":{"start":{"line":4,"column":35},"end":{"line":14,"column":3}},"line":4},"1":{"name":"(anonymous_1)","decl":{"start":{"line":16,"column":2},"end":{"line":16,"column":3}},"loc":{"start":{"line":16,"column":38},"end":{"line":28,"column":3}},"line":16},"2":{"name":"(anonymous_2)","decl":{"start":{"line":30,"column":2},"end":{"line":30,"column":3}},"loc":{"start":{"line":30,"column":38},"end":{"line":45,"column":3}},"line":30},"3":{"name":"(anonymous_3)","decl":{"start":{"line":47,"column":2},"end":{"line":47,"column":3}},"loc":{"start":{"line":47,"column":38},"end":{"line":66,"column":3}},"line":47},"4":{"name":"(anonymous_4)","decl":{"start":{"line":68,"column":2},"end":{"line":68,"column":3}},"loc":{"start":{"line":68,"column":38},"end":{"line":79,"column":3}},"line":68}},"branchMap":{"0":{"loc":{"start":{"line":40,"column":6},"end":{"line":40,"column":73}},"type":"if","locations":[{"start":{"line":40,"column":6},"end":{"line":40,"column":73}},{"start":{"line":40,"column":6},"end":{"line":40,"column":73}}],"line":40},"1":{"loc":{"start":{"line":60,"column":6},"end":{"line":61,"column":56}},"type":"if","locations":[{"start":{"line":60,"column":6},"end":{"line":61,"column":56}},{"start":{"line":60,"column":6},"end":{"line":61,"column":56}}],"line":60}},"s":{"0":1,"1":0,"2":0,"3":0,"4":0,"5":0,"6":0,"7":0,"8":0,"9":0,"10":0,"11":0,"12":0,"13":0,"14":0,"15":0,"16":0,"17":0,"18":0,"19":0,"20":0,"21":0,"22":0,"23":0,"24":0,"25":0,"26":0,"27":0,"28":0,"29":0,"30":1},"f":{"0":0,"1":0,"2":0,"3":0,"4":0},"b":{"0":[0,0],"1":[0,0]},"_coverageSchema":"1a1c01bbd47fc00a2c39e90264f33305004495a9","hash":"2771fe5fb9d0ccc29aa08c28e3d4acb5a1d78c75"}
,"D:\\Abraham\\File Prectatore Baladi\\DaScin & WebDev\\Hacktiv8\\Phase-3\\Final Project\\Server\\controllers\\DeveloperController.js": {"path":"D:\\Abraham\\File Prectatore Baladi\\DaScin & WebDev\\Hacktiv8\\Phase-3\\Final Project\\Server\\controllers\\DeveloperController.js","statementMap":{"0":{"start":{"line":1,"column":40},"end":{"line":1,"column":60}},"1":{"start":{"line":5,"column":4},"end":{"line":13,"column":5}},"2":{"start":{"line":6,"column":28},"end":{"line":9,"column":8}},"3":{"start":{"line":10,"column":6},"end":{"line":10,"column":46}},"4":{"start":{"line":12,"column":6},"end":{"line":12,"column":16}},"5":{"start":{"line":17,"column":45},"end":{"line":17,"column":53}},"6":{"start":{"line":18,"column":19},"end":{"line":18,"column":20}},"7":{"start":{"line":19,"column":4},"end":{"line":30,"column":5}},"8":{"start":{"line":20,"column":6},"end":{"line":26,"column":9}},"9":{"start":{"line":27,"column":6},"end":{"line":27,"column":74}},"10":{"start":{"line":29,"column":6},"end":{"line":29,"column":16}},"11":{"start":{"line":34,"column":24},"end":{"line":34,"column":38}},"12":{"start":{"line":36,"column":4},"end":{"line":48,"column":5}},"13":{"start":{"line":37,"column":29},"end":{"line":42,"column":8}},"14":{"start":{"line":43,"column":6},"end":{"line":43,"column":77}},"15":{"start":{"line":43,"column":27},"end":{"line":43,"column":77}},"16":{"start":{"line":45,"column":6},"end":{"line":45,"column":47}},"17":{"start":{"line":47,"column":6},"end":{"line":47,"column":16}},"18":{"start":{"line":52,"column":38},"end":{"line":52,"column":46}},"19":{"start":{"line":53,"column":24},"end":{"line":53,"column":38}},"20":{"start":{"line":55,"column":4},"end":{"line":69,"column":5}},"21":{"start":{"line":56,"column":31},"end":{"line":63,"column":7}},"22":{"start":{"line":64,"column":6},"end":{"line":65,"column":58}},"23":{"start":{"line":65,"column":8},"end":{"line":65,"column":58}},"24":{"start":{"line":66,"column":6},"end":{"line":66,"column":78}},"25":{"start":{"line":68,"column":6},"end":{"line":68,"column":16}},"26":{"start":{"line":73,"column":24},"end":{"line":73,"column":38}},"27":{"start":{"line":75,"column":4},"end":{"line":82,"column":5}},"28":{"start":{"line":76,"column":6},"end":{"line":78,"column":9}},"29":{"start":{"line":79,"column":6},"end":{"line":79,"column":73}},"30":{"start":{"line":81,"column":6},"end":{"line":81,"column":16}},"31":{"start":{"line":86,"column":0},"end":{"line":86,"column":37}}},"fnMap":{"0":{"name":"(anonymous_0)","decl":{"start":{"line":4,"column":2},"end":{"line":4,"column":3}},"loc":{"start":{"line":4,"column":35},"end":{"line":14,"column":3}},"line":4},"1":{"name":"(anonymous_1)","decl":{"start":{"line":16,"column":2},"end":{"line":16,"column":3}},"loc":{"start":{"line":16,"column":38},"end":{"line":31,"column":3}},"line":16},"2":{"name":"(anonymous_2)","decl":{"start":{"line":33,"column":2},"end":{"line":33,"column":3}},"loc":{"start":{"line":33,"column":38},"end":{"line":49,"column":3}},"line":33},"3":{"name":"(anonymous_3)","decl":{"start":{"line":51,"column":2},"end":{"line":51,"column":3}},"loc":{"start":{"line":51,"column":38},"end":{"line":70,"column":3}},"line":51},"4":{"name":"(anonymous_4)","decl":{"start":{"line":72,"column":2},"end":{"line":72,"column":3}},"loc":{"start":{"line":72,"column":38},"end":{"line":83,"column":3}},"line":72}},"branchMap":{"0":{"loc":{"start":{"line":43,"column":6},"end":{"line":43,"column":77}},"type":"if","locations":[{"start":{"line":43,"column":6},"end":{"line":43,"column":77}},{"start":{"line":43,"column":6},"end":{"line":43,"column":77}}],"line":43},"1":{"loc":{"start":{"line":64,"column":6},"end":{"line":65,"column":58}},"type":"if","locations":[{"start":{"line":64,"column":6},"end":{"line":65,"column":58}},{"start":{"line":64,"column":6},"end":{"line":65,"column":58}}],"line":64}},"s":{"0":1,"1":0,"2":0,"3":0,"4":0,"5":0,"6":0,"7":0,"8":0,"9":0,"10":0,"11":0,"12":0,"13":0,"14":0,"15":0,"16":0,"17":0,"18":0,"19":0,"20":0,"21":0,"22":0,"23":0,"24":0,"25":0,"26":0,"27":0,"28":0,"29":0,"30":0,"31":1},"f":{"0":0,"1":0,"2":0,"3":0,"4":0},"b":{"0":[0,0],"1":[0,0]},"_coverageSchema":"1a1c01bbd47fc00a2c39e90264f33305004495a9","hash":"0eefce6bbd7780a7173436be5128fb57617c6365"}
,"D:\\Abraham\\File Prectatore Baladi\\DaScin & WebDev\\Hacktiv8\\Phase-3\\Final Project\\Server\\controllers\\EventController.js": {"path":"D:\\Abraham\\File Prectatore Baladi\\DaScin & WebDev\\Hacktiv8\\Phase-3\\Final Project\\Server\\controllers\\EventController.js","statementMap":{"0":{"start":{"line":1,"column":46},"end":{"line":1,"column":66}},"1":{"start":{"line":5,"column":4},"end":{"line":12,"column":5}},"2":{"start":{"line":6,"column":20},"end":{"line":8,"column":8}},"3":{"start":{"line":9,"column":6},"end":{"line":9,"column":33}},"4":{"start":{"line":11,"column":6},"end":{"line":11,"column":17}},"5":{"start":{"line":16,"column":15},"end":{"line":16,"column":28}},"6":{"start":{"line":17,"column":4},"end":{"line":25,"column":5}},"7":{"start":{"line":18,"column":20},"end":{"line":18,"column":44}},"8":{"start":{"line":19,"column":6},"end":{"line":21,"column":7}},"9":{"start":{"line":20,"column":8},"end":{"line":20,"column":51}},"10":{"start":{"line":22,"column":6},"end":{"line":22,"column":33}},"11":{"start":{"line":24,"column":6},"end":{"line":24,"column":17}},"12":{"start":{"line":29,"column":20},"end":{"line":29,"column":28}},"13":{"start":{"line":30,"column":4},"end":{"line":35,"column":5}},"14":{"start":{"line":31,"column":20},"end":{"line":31,"column":47}},"15":{"start":{"line":32,"column":6},"end":{"line":32,"column":33}},"16":{"start":{"line":34,"column":6},"end":{"line":34,"column":17}},"17":{"start":{"line":39,"column":15},"end":{"line":39,"column":28}},"18":{"start":{"line":40,"column":20},"end":{"line":40,"column":28}},"19":{"start":{"line":41,"column":4},"end":{"line":54,"column":5}},"20":{"start":{"line":42,"column":20},"end":{"line":47,"column":8}},"21":{"start":{"line":48,"column":6},"end":{"line":50,"column":7}},"22":{"start":{"line":49,"column":8},"end":{"line":49,"column":51}},"23":{"start":{"line":51,"column":6},"end":{"line":51,"column":39}},"24":{"start":{"line":53,"column":6},"end":{"line":53,"column":17}},"25":{"start":{"line":58,"column":15},"end":{"line":58,"column":28}},"26":{"start":{"line":59,"column":4},"end":{"line":71,"column":5}},"27":{"start":{"line":60,"column":20},"end":{"line":64,"column":8}},"28":{"start":{"line":65,"column":6},"end":{"line":67,"column":7}},"29":{"start":{"line":66,"column":8},"end":{"line":66,"column":51}},"30":{"start":{"line":68,"column":6},"end":{"line":68,"column":54}},"31":{"start":{"line":70,"column":6},"end":{"line":70,"column":17}},"32":{"start":{"line":75,"column":0},"end":{"line":75,"column":32}}},"fnMap":{"0":{"name":"(anonymous_0)","decl":{"start":{"line":4,"column":2},"end":{"line":4,"column":3}},"loc":{"start":{"line":4,"column":36},"end":{"line":13,"column":3}},"line":4},"1":{"name":"(anonymous_1)","decl":{"start":{"line":15,"column":2},"end":{"line":15,"column":3}},"loc":{"start":{"line":15,"column":40},"end":{"line":26,"column":3}},"line":15},"2":{"name":"(anonymous_2)","decl":{"start":{"line":28,"column":2},"end":{"line":28,"column":3}},"loc":{"start":{"line":28,"column":38},"end":{"line":36,"column":3}},"line":28},"3":{"name":"(anonymous_3)","decl":{"start":{"line":38,"column":2},"end":{"line":38,"column":3}},"loc":{"start":{"line":38,"column":38},"end":{"line":55,"column":3}},"line":38},"4":{"name":"(anonymous_4)","decl":{"start":{"line":57,"column":2},"end":{"line":57,"column":3}},"loc":{"start":{"line":57,"column":38},"end":{"line":72,"column":3}},"line":57}},"branchMap":{"0":{"loc":{"start":{"line":19,"column":6},"end":{"line":21,"column":7}},"type":"if","locations":[{"start":{"line":19,"column":6},"end":{"line":21,"column":7}},{"start":{"line":19,"column":6},"end":{"line":21,"column":7}}],"line":19},"1":{"loc":{"start":{"line":48,"column":6},"end":{"line":50,"column":7}},"type":"if","locations":[{"start":{"line":48,"column":6},"end":{"line":50,"column":7}},{"start":{"line":48,"column":6},"end":{"line":50,"column":7}}],"line":48},"2":{"loc":{"start":{"line":65,"column":6},"end":{"line":67,"column":7}},"type":"if","locations":[{"start":{"line":65,"column":6},"end":{"line":67,"column":7}},{"start":{"line":65,"column":6},"end":{"line":67,"column":7}}],"line":65}},"s":{"0":1,"1":0,"2":0,"3":0,"4":0,"5":0,"6":0,"7":0,"8":0,"9":0,"10":0,"11":0,"12":0,"13":0,"14":0,"15":0,"16":0,"17":0,"18":0,"19":0,"20":0,"21":0,"22":0,"23":0,"24":0,"25":0,"26":0,"27":0,"28":0,"29":0,"30":0,"31":0,"32":1},"f":{"0":0,"1":0,"2":0,"3":0,"4":0},"b":{"0":[0,0],"1":[0,0],"2":[0,0]},"_coverageSchema":"1a1c01bbd47fc00a2c39e90264f33305004495a9","hash":"1c5603bb03247a346c509ade65e11a7fc2c00b00"}
,"D:\\Abraham\\File Prectatore Baladi\\DaScin & WebDev\\Hacktiv8\\Phase-3\\Final Project\\Server\\controllers\\FeeController.js": {"path":"D:\\Abraham\\File Prectatore Baladi\\DaScin & WebDev\\Hacktiv8\\Phase-3\\Final Project\\Server\\controllers\\FeeController.js","statementMap":{"0":{"start":{"line":1,"column":37},"end":{"line":1,"column":57}},"1":{"start":{"line":5,"column":4},"end":{"line":12,"column":5}},"2":{"start":{"line":6,"column":18},"end":{"line":8,"column":8}},"3":{"start":{"line":9,"column":6},"end":{"line":9,"column":31}},"4":{"start":{"line":11,"column":6},"end":{"line":11,"column":17}},"5":{"start":{"line":16,"column":15},"end":{"line":16,"column":28}},"6":{"start":{"line":17,"column":4},"end":{"line":25,"column":5}},"7":{"start":{"line":18,"column":18},"end":{"line":18,"column":40}},"8":{"start":{"line":19,"column":6},"end":{"line":21,"column":7}},"9":{"start":{"line":20,"column":8},"end":{"line":20,"column":51}},"10":{"start":{"line":22,"column":6},"end":{"line":22,"column":31}},"11":{"start":{"line":24,"column":6},"end":{"line":24,"column":17}},"12":{"start":{"line":29,"column":20},"end":{"line":29,"column":28}},"13":{"start":{"line":30,"column":4},"end":{"line":35,"column":5}},"14":{"start":{"line":31,"column":18},"end":{"line":31,"column":43}},"15":{"start":{"line":32,"column":6},"end":{"line":32,"column":31}},"16":{"start":{"line":34,"column":6},"end":{"line":34,"column":17}},"17":{"start":{"line":39,"column":15},"end":{"line":39,"column":28}},"18":{"start":{"line":40,"column":20},"end":{"line":40,"column":28}},"19":{"start":{"line":41,"column":4},"end":{"line":54,"column":5}},"20":{"start":{"line":42,"column":18},"end":{"line":47,"column":8}},"21":{"start":{"line":48,"column":6},"end":{"line":50,"column":7}},"22":{"start":{"line":49,"column":8},"end":{"line":49,"column":51}},"23":{"start":{"line":51,"column":6},"end":{"line":51,"column":37}},"24":{"start":{"line":53,"column":6},"end":{"line":53,"column":17}},"25":{"start":{"line":58,"column":15},"end":{"line":58,"column":28}},"26":{"start":{"line":59,"column":4},"end":{"line":71,"column":5}},"27":{"start":{"line":60,"column":18},"end":{"line":64,"column":8}},"28":{"start":{"line":65,"column":6},"end":{"line":67,"column":7}},"29":{"start":{"line":66,"column":8},"end":{"line":66,"column":51}},"30":{"start":{"line":68,"column":6},"end":{"line":68,"column":53}},"31":{"start":{"line":70,"column":6},"end":{"line":70,"column":17}},"32":{"start":{"line":75,"column":0},"end":{"line":75,"column":30}}},"fnMap":{"0":{"name":"(anonymous_0)","decl":{"start":{"line":4,"column":2},"end":{"line":4,"column":3}},"loc":{"start":{"line":4,"column":36},"end":{"line":13,"column":3}},"line":4},"1":{"name":"(anonymous_1)","decl":{"start":{"line":15,"column":2},"end":{"line":15,"column":3}},"loc":{"start":{"line":15,"column":40},"end":{"line":26,"column":3}},"line":15},"2":{"name":"(anonymous_2)","decl":{"start":{"line":28,"column":2},"end":{"line":28,"column":3}},"loc":{"start":{"line":28,"column":38},"end":{"line":36,"column":3}},"line":28},"3":{"name":"(anonymous_3)","decl":{"start":{"line":38,"column":2},"end":{"line":38,"column":3}},"loc":{"start":{"line":38,"column":38},"end":{"line":55,"column":3}},"line":38},"4":{"name":"(anonymous_4)","decl":{"start":{"line":57,"column":2},"end":{"line":57,"column":3}},"loc":{"start":{"line":57,"column":38},"end":{"line":72,"column":3}},"line":57}},"branchMap":{"0":{"loc":{"start":{"line":19,"column":6},"end":{"line":21,"column":7}},"type":"if","locations":[{"start":{"line":19,"column":6},"end":{"line":21,"column":7}},{"start":{"line":19,"column":6},"end":{"line":21,"column":7}}],"line":19},"1":{"loc":{"start":{"line":48,"column":6},"end":{"line":50,"column":7}},"type":"if","locations":[{"start":{"line":48,"column":6},"end":{"line":50,"column":7}},{"start":{"line":48,"column":6},"end":{"line":50,"column":7}}],"line":48},"2":{"loc":{"start":{"line":65,"column":6},"end":{"line":67,"column":7}},"type":"if","locations":[{"start":{"line":65,"column":6},"end":{"line":67,"column":7}},{"start":{"line":65,"column":6},"end":{"line":67,"column":7}}],"line":65}},"s":{"0":1,"1":1,"2":1,"3":1,"4":0,"5":2,"6":2,"7":2,"8":2,"9":1,"10":1,"11":1,"12":6,"13":6,"14":6,"15":1,"16":5,"17":3,"18":3,"19":3,"20":3,"21":2,"22":1,"23":1,"24":2,"25":2,"26":2,"27":2,"28":2,"29":1,"30":1,"31":1,"32":1},"f":{"0":1,"1":2,"2":6,"3":3,"4":2},"b":{"0":[1,1],"1":[1,1],"2":[1,1]},"_coverageSchema":"1a1c01bbd47fc00a2c39e90264f33305004495a9","hash":"5374a200e0a390a6cbbe4be21e358450ace48c45"}
,"D:\\Abraham\\File Prectatore Baladi\\DaScin & WebDev\\Hacktiv8\\Phase-3\\Final Project\\Server\\controllers\\ImageController.js": {"path":"D:\\Abraham\\File Prectatore Baladi\\DaScin & WebDev\\Hacktiv8\\Phase-3\\Final Project\\Server\\controllers\\ImageController.js","statementMap":{"0":{"start":{"line":3,"column":4},"end":{"line":3,"column":39}},"1":{"start":{"line":7,"column":0},"end":{"line":7,"column":32}}},"fnMap":{"0":{"name":"(anonymous_0)","decl":{"start":{"line":2,"column":2},"end":{"line":2,"column":3}},"loc":{"start":{"line":2,"column":32},"end":{"line":4,"column":3}},"line":2}},"branchMap":{},"s":{"0":0,"1":1},"f":{"0":0},"b":{},"_coverageSchema":"1a1c01bbd47fc00a2c39e90264f33305004495a9","hash":"53e69be96ad86fb6bf4a3cec89c4665e4f4bb64f"}
,"D:\\Abraham\\File Prectatore Baladi\\DaScin & WebDev\\Hacktiv8\\Phase-3\\Final Project\\Server\\controllers\\RealEstateController.js": {"path":"D:\\Abraham\\File Prectatore Baladi\\DaScin & WebDev\\Hacktiv8\\Phase-3\\Final Project\\Server\\controllers\\RealEstateController.js","statementMap":{"0":{"start":{"line":1,"column":43},"end":{"line":1,"column":63}},"1":{"start":{"line":5,"column":4},"end":{"line":13,"column":5}},"2":{"start":{"line":6,"column":29},"end":{"line":9,"column":8}},"3":{"start":{"line":10,"column":6},"end":{"line":10,"column":47}},"4":{"start":{"line":12,"column":6},"end":{"line":12,"column":16}},"5":{"start":{"line":17,"column":63},"end":{"line":17,"column":71}},"6":{"start":{"line":18,"column":4},"end":{"line":29,"column":5}},"7":{"start":{"line":19,"column":6},"end":{"line":25,"column":9}},"8":{"start":{"line":26,"column":6},"end":{"line":26,"column":75}},"9":{"start":{"line":28,"column":6},"end":{"line":28,"column":16}},"10":{"start":{"line":33,"column":25},"end":{"line":33,"column":39}},"11":{"start":{"line":35,"column":4},"end":{"line":46,"column":5}},"12":{"start":{"line":36,"column":30},"end":{"line":41,"column":8}},"13":{"start":{"line":42,"column":6},"end":{"line":42,"column":79}},"14":{"start":{"line":42,"column":28},"end":{"line":42,"column":79}},"15":{"start":{"line":43,"column":6},"end":{"line":43,"column":48}},"16":{"start":{"line":45,"column":6},"end":{"line":45,"column":16}},"17":{"start":{"line":50,"column":63},"end":{"line":50,"column":71}},"18":{"start":{"line":51,"column":25},"end":{"line":51,"column":39}},"19":{"start":{"line":53,"column":4},"end":{"line":67,"column":5}},"20":{"start":{"line":54,"column":32},"end":{"line":61,"column":7}},"21":{"start":{"line":62,"column":6},"end":{"line":63,"column":59}},"22":{"start":{"line":63,"column":8},"end":{"line":63,"column":59}},"23":{"start":{"line":64,"column":6},"end":{"line":64,"column":79}},"24":{"start":{"line":66,"column":6},"end":{"line":66,"column":16}},"25":{"start":{"line":71,"column":25},"end":{"line":71,"column":39}},"26":{"start":{"line":72,"column":4},"end":{"line":79,"column":5}},"27":{"start":{"line":73,"column":6},"end":{"line":75,"column":9}},"28":{"start":{"line":76,"column":6},"end":{"line":76,"column":74}},"29":{"start":{"line":78,"column":6},"end":{"line":78,"column":16}},"30":{"start":{"line":83,"column":0},"end":{"line":83,"column":38}}},"fnMap":{"0":{"name":"(anonymous_0)","decl":{"start":{"line":4,"column":2},"end":{"line":4,"column":3}},"loc":{"start":{"line":4,"column":35},"end":{"line":14,"column":3}},"line":4},"1":{"name":"(anonymous_1)","decl":{"start":{"line":16,"column":2},"end":{"line":16,"column":3}},"loc":{"start":{"line":16,"column":38},"end":{"line":30,"column":3}},"line":16},"2":{"name":"(anonymous_2)","decl":{"start":{"line":32,"column":2},"end":{"line":32,"column":3}},"loc":{"start":{"line":32,"column":38},"end":{"line":47,"column":3}},"line":32},"3":{"name":"(anonymous_3)","decl":{"start":{"line":49,"column":2},"end":{"line":49,"column":3}},"loc":{"start":{"line":49,"column":38},"end":{"line":68,"column":3}},"line":49},"4":{"name":"(anonymous_4)","decl":{"start":{"line":70,"column":2},"end":{"line":70,"column":3}},"loc":{"start":{"line":70,"column":38},"end":{"line":80,"column":3}},"line":70}},"branchMap":{"0":{"loc":{"start":{"line":42,"column":6},"end":{"line":42,"column":79}},"type":"if","locations":[{"start":{"line":42,"column":6},"end":{"line":42,"column":79}},{"start":{"line":42,"column":6},"end":{"line":42,"column":79}}],"line":42},"1":{"loc":{"start":{"line":62,"column":6},"end":{"line":63,"column":59}},"type":"if","locations":[{"start":{"line":62,"column":6},"end":{"line":63,"column":59}},{"start":{"line":62,"column":6},"end":{"line":63,"column":59}}],"line":62}},"s":{"0":1,"1":0,"2":0,"3":0,"4":0,"5":0,"6":0,"7":0,"8":0,"9":0,"10":0,"11":0,"12":0,"13":0,"14":0,"15":0,"16":0,"17":0,"18":0,"19":0,"20":0,"21":0,"22":0,"23":0,"24":0,"25":0,"26":0,"27":0,"28":0,"29":0,"30":1},"f":{"0":0,"1":0,"2":0,"3":0,"4":0},"b":{"0":[0,0],"1":[0,0]},"_coverageSchema":"1a1c01bbd47fc00a2c39e90264f33305004495a9","hash":"2917350fb52412f398d912293d6557c16479b935"}
,"D:\\Abraham\\File Prectatore Baladi\\DaScin & WebDev\\Hacktiv8\\Phase-3\\Final Project\\Server\\controllers\\RoleController.js": {"path":"D:\\Abraham\\File Prectatore Baladi\\DaScin & WebDev\\Hacktiv8\\Phase-3\\Final Project\\Server\\controllers\\RoleController.js","statementMap":{"0":{"start":{"line":1,"column":17},"end":{"line":1,"column":37}},"1":{"start":{"line":5,"column":4},"end":{"line":10,"column":5}},"2":{"start":{"line":6,"column":23},"end":{"line":6,"column":43}},"3":{"start":{"line":7,"column":6},"end":{"line":7,"column":41}},"4":{"start":{"line":9,"column":6},"end":{"line":9,"column":16}},"5":{"start":{"line":14,"column":21},"end":{"line":14,"column":29}},"6":{"start":{"line":15,"column":4},"end":{"line":22,"column":5}},"7":{"start":{"line":16,"column":6},"end":{"line":18,"column":9}},"8":{"start":{"line":19,"column":6},"end":{"line":19,"column":69}},"9":{"start":{"line":21,"column":6},"end":{"line":21,"column":16}},"10":{"start":{"line":26,"column":4},"end":{"line":37,"column":5}},"11":{"start":{"line":27,"column":21},"end":{"line":27,"column":35}},"12":{"start":{"line":28,"column":24},"end":{"line":32,"column":8}},"13":{"start":{"line":33,"column":6},"end":{"line":33,"column":67}},"14":{"start":{"line":33,"column":22},"end":{"line":33,"column":67}},"15":{"start":{"line":34,"column":6},"end":{"line":34,"column":42}},"16":{"start":{"line":36,"column":6},"end":{"line":36,"column":16}},"17":{"start":{"line":41,"column":21},"end":{"line":41,"column":29}},"18":{"start":{"line":42,"column":19},"end":{"line":42,"column":33}},"19":{"start":{"line":44,"column":4},"end":{"line":57,"column":5}},"20":{"start":{"line":45,"column":26},"end":{"line":52,"column":7}},"21":{"start":{"line":53,"column":6},"end":{"line":53,"column":77}},"22":{"start":{"line":53,"column":32},"end":{"line":53,"column":77}},"23":{"start":{"line":54,"column":6},"end":{"line":54,"column":73}},"24":{"start":{"line":56,"column":6},"end":{"line":56,"column":16}},"25":{"start":{"line":61,"column":19},"end":{"line":61,"column":33}},"26":{"start":{"line":63,"column":4},"end":{"line":69,"column":5}},"27":{"start":{"line":64,"column":26},"end":{"line":64,"column":71}},"28":{"start":{"line":65,"column":6},"end":{"line":65,"column":69}},"29":{"start":{"line":65,"column":24},"end":{"line":65,"column":69}},"30":{"start":{"line":66,"column":6},"end":{"line":66,"column":68}},"31":{"start":{"line":68,"column":6},"end":{"line":68,"column":16}},"32":{"start":{"line":73,"column":0},"end":{"line":73,"column":32}}},"fnMap":{"0":{"name":"(anonymous_0)","decl":{"start":{"line":4,"column":2},"end":{"line":4,"column":3}},"loc":{"start":{"line":4,"column":35},"end":{"line":11,"column":3}},"line":4},"1":{"name":"(anonymous_1)","decl":{"start":{"line":13,"column":2},"end":{"line":13,"column":3}},"loc":{"start":{"line":13,"column":38},"end":{"line":23,"column":3}},"line":13},"2":{"name":"(anonymous_2)","decl":{"start":{"line":25,"column":2},"end":{"line":25,"column":3}},"loc":{"start":{"line":25,"column":38},"end":{"line":38,"column":3}},"line":25},"3":{"name":"(anonymous_3)","decl":{"start":{"line":40,"column":2},"end":{"line":40,"column":3}},"loc":{"start":{"line":40,"column":38},"end":{"line":58,"column":3}},"line":40},"4":{"name":"(anonymous_4)","decl":{"start":{"line":60,"column":2},"end":{"line":60,"column":3}},"loc":{"start":{"line":60,"column":38},"end":{"line":70,"column":3}},"line":60}},"branchMap":{"0":{"loc":{"start":{"line":33,"column":6},"end":{"line":33,"column":67}},"type":"if","locations":[{"start":{"line":33,"column":6},"end":{"line":33,"column":67}},{"start":{"line":33,"column":6},"end":{"line":33,"column":67}}],"line":33},"1":{"loc":{"start":{"line":53,"column":6},"end":{"line":53,"column":77}},"type":"if","locations":[{"start":{"line":53,"column":6},"end":{"line":53,"column":77}},{"start":{"line":53,"column":6},"end":{"line":53,"column":77}}],"line":53},"2":{"loc":{"start":{"line":65,"column":6},"end":{"line":65,"column":69}},"type":"if","locations":[{"start":{"line":65,"column":6},"end":{"line":65,"column":69}},{"start":{"line":65,"column":6},"end":{"line":65,"column":69}}],"line":65}},"s":{"0":1,"1":0,"2":0,"3":0,"4":0,"5":0,"6":0,"7":0,"8":0,"9":0,"10":0,"11":0,"12":0,"13":0,"14":0,"15":0,"16":0,"17":0,"18":0,"19":0,"20":0,"21":0,"22":0,"23":0,"24":0,"25":0,"26":0,"27":0,"28":0,"29":0,"30":0,"31":0,"32":1},"f":{"0":0,"1":0,"2":0,"3":0,"4":0},"b":{"0":[0,0],"1":[0,0],"2":[0,0]},"_coverageSchema":"1a1c01bbd47fc00a2c39e90264f33305004495a9","hash":"4982bbe928991392d911fc5a92da1e8b46c67192"}
,"D:\\Abraham\\File Prectatore Baladi\\DaScin & WebDev\\Hacktiv8\\Phase-3\\Final Project\\Server\\controllers\\TimelineController.js": {"path":"D:\\Abraham\\File Prectatore Baladi\\DaScin & WebDev\\Hacktiv8\\Phase-3\\Final Project\\Server\\controllers\\TimelineController.js","statementMap":{"0":{"start":{"line":1,"column":39},"end":{"line":1,"column":59}},"1":{"start":{"line":2,"column":30},"end":{"line":2,"column":58}},"2":{"start":{"line":6,"column":4},"end":{"line":26,"column":5}},"3":{"start":{"line":7,"column":23},"end":{"line":19,"column":8}},"4":{"start":{"line":21,"column":28},"end":{"line":21,"column":81}},"5":{"start":{"line":22,"column":21},"end":{"line":22,"column":63}},"6":{"start":{"line":23,"column":6},"end":{"line":23,"column":34}},"7":{"start":{"line":25,"column":6},"end":{"line":25,"column":17}},"8":{"start":{"line":30,"column":15},"end":{"line":30,"column":28}},"9":{"start":{"line":31,"column":4},"end":{"line":39,"column":5}},"10":{"start":{"line":32,"column":23},"end":{"line":32,"column":50}},"11":{"start":{"line":33,"column":6},"end":{"line":35,"column":7}},"12":{"start":{"line":34,"column":8},"end":{"line":34,"column":56}},"13":{"start":{"line":36,"column":6},"end":{"line":36,"column":36}},"14":{"start":{"line":38,"column":6},"end":{"line":38,"column":17}},"15":{"start":{"line":43,"column":20},"end":{"line":43,"column":28}},"16":{"start":{"line":44,"column":4},"end":{"line":49,"column":5}},"17":{"start":{"line":45,"column":23},"end":{"line":45,"column":53}},"18":{"start":{"line":46,"column":6},"end":{"line":46,"column":36}},"19":{"start":{"line":48,"column":6},"end":{"line":48,"column":17}},"20":{"start":{"line":53,"column":15},"end":{"line":53,"column":28}},"21":{"start":{"line":54,"column":20},"end":{"line":54,"column":28}},"22":{"start":{"line":55,"column":4},"end":{"line":68,"column":5}},"23":{"start":{"line":56,"column":23},"end":{"line":61,"column":8}},"24":{"start":{"line":62,"column":6},"end":{"line":64,"column":7}},"25":{"start":{"line":63,"column":8},"end":{"line":63,"column":56}},"26":{"start":{"line":65,"column":6},"end":{"line":65,"column":42}},"27":{"start":{"line":67,"column":6},"end":{"line":67,"column":17}},"28":{"start":{"line":72,"column":15},"end":{"line":72,"column":28}},"29":{"start":{"line":73,"column":4},"end":{"line":85,"column":5}},"30":{"start":{"line":74,"column":23},"end":{"line":78,"column":8}},"31":{"start":{"line":79,"column":6},"end":{"line":81,"column":7}},"32":{"start":{"line":80,"column":8},"end":{"line":80,"column":56}},"33":{"start":{"line":82,"column":6},"end":{"line":82,"column":57}},"34":{"start":{"line":84,"column":6},"end":{"line":84,"column":17}},"35":{"start":{"line":89,"column":0},"end":{"line":89,"column":35}}},"fnMap":{"0":{"name":"(anonymous_0)","decl":{"start":{"line":5,"column":2},"end":{"line":5,"column":3}},"loc":{"start":{"line":5,"column":36},"end":{"line":27,"column":3}},"line":5},"1":{"name":"(anonymous_1)","decl":{"start":{"line":29,"column":2},"end":{"line":29,"column":3}},"loc":{"start":{"line":29,"column":40},"end":{"line":40,"column":3}},"line":29},"2":{"name":"(anonymous_2)","decl":{"start":{"line":42,"column":2},"end":{"line":42,"column":3}},"loc":{"start":{"line":42,"column":38},"end":{"line":50,"column":3}},"line":42},"3":{"name":"(anonymous_3)","decl":{"start":{"line":52,"column":2},"end":{"line":52,"column":3}},"loc":{"start":{"line":52,"column":38},"end":{"line":69,"column":3}},"line":52},"4":{"name":"(anonymous_4)","decl":{"start":{"line":71,"column":2},"end":{"line":71,"column":3}},"loc":{"start":{"line":71,"column":38},"end":{"line":86,"column":3}},"line":71}},"branchMap":{"0":{"loc":{"start":{"line":33,"column":6},"end":{"line":35,"column":7}},"type":"if","locations":[{"start":{"line":33,"column":6},"end":{"line":35,"column":7}},{"start":{"line":33,"column":6},"end":{"line":35,"column":7}}],"line":33},"1":{"loc":{"start":{"line":62,"column":6},"end":{"line":64,"column":7}},"type":"if","locations":[{"start":{"line":62,"column":6},"end":{"line":64,"column":7}},{"start":{"line":62,"column":6},"end":{"line":64,"column":7}}],"line":62},"2":{"loc":{"start":{"line":79,"column":6},"end":{"line":81,"column":7}},"type":"if","locations":[{"start":{"line":79,"column":6},"end":{"line":81,"column":7}},{"start":{"line":79,"column":6},"end":{"line":81,"column":7}}],"line":79}},"s":{"0":1,"1":1,"2":0,"3":0,"4":0,"5":0,"6":0,"7":0,"8":0,"9":0,"10":0,"11":0,"12":0,"13":0,"14":0,"15":0,"16":0,"17":0,"18":0,"19":0,"20":0,"21":0,"22":0,"23":0,"24":0,"25":0,"26":0,"27":0,"28":0,"29":0,"30":0,"31":0,"32":0,"33":0,"34":0,"35":1},"f":{"0":0,"1":0,"2":0,"3":0,"4":0},"b":{"0":[0,0],"1":[0,0],"2":[0,0]},"_coverageSchema":"1a1c01bbd47fc00a2c39e90264f33305004495a9","hash":"c205173d885b36b6040db5cacd111fa769521be3"}
,"D:\\Abraham\\File Prectatore Baladi\\DaScin & WebDev\\Hacktiv8\\Phase-3\\Final Project\\Server\\controllers\\UserController.js": {"path":"D:\\Abraham\\File Prectatore Baladi\\DaScin & WebDev\\Hacktiv8\\Phase-3\\Final Project\\Server\\controllers\\UserController.js","statementMap":{"0":{"start":{"line":1,"column":44},"end":{"line":1,"column":64}},"1":{"start":{"line":2,"column":15},"end":{"line":2,"column":43}},"2":{"start":{"line":6,"column":32},"end":{"line":6,"column":40}},"3":{"start":{"line":7,"column":4},"end":{"line":24,"column":5}},"4":{"start":{"line":8,"column":6},"end":{"line":21,"column":7}},"5":{"start":{"line":9,"column":28},"end":{"line":11,"column":10}},"6":{"start":{"line":12,"column":8},"end":{"line":15,"column":11}},"7":{"start":{"line":17,"column":8},"end":{"line":20,"column":10}},"8":{"start":{"line":23,"column":6},"end":{"line":23,"column":16}},"9":{"start":{"line":28,"column":32},"end":{"line":28,"column":40}},"10":{"start":{"line":29,"column":4},"end":{"line":53,"column":5}},"11":{"start":{"line":30,"column":24},"end":{"line":35,"column":8}},"12":{"start":{"line":36,"column":6},"end":{"line":50,"column":7}},"13":{"start":{"line":36,"column":22},"end":{"line":36,"column":67}},"14":{"start":{"line":37,"column":11},"end":{"line":50,"column":7}},"15":{"start":{"line":38,"column":8},"end":{"line":38,"column":54}},"16":{"start":{"line":40,"column":28},"end":{"line":45,"column":10}},"17":{"start":{"line":46,"column":8},"end":{"line":49,"column":11}},"18":{"start":{"line":52,"column":6},"end":{"line":52,"column":16}},"19":{"start":{"line":65,"column":8},"end":{"line":65,"column":16}},"20":{"start":{"line":66,"column":19},"end":{"line":66,"column":20}},"21":{"start":{"line":67,"column":4},"end":{"line":97,"column":5}},"22":{"start":{"line":68,"column":22},"end":{"line":77,"column":8}},"23":{"start":{"line":78,"column":6},"end":{"line":85,"column":8}},"24":{"start":{"line":86,"column":6},"end":{"line":93,"column":8}},"25":{"start":{"line":94,"column":6},"end":{"line":94,"column":69}},"26":{"start":{"line":96,"column":6},"end":{"line":96,"column":16}},"27":{"start":{"line":108,"column":8},"end":{"line":108,"column":16}},"28":{"start":{"line":109,"column":19},"end":{"line":109,"column":20}},"29":{"start":{"line":110,"column":4},"end":{"line":123,"column":5}},"30":{"start":{"line":111,"column":22},"end":{"line":119,"column":8}},"31":{"start":{"line":120,"column":6},"end":{"line":120,"column":69}},"32":{"start":{"line":122,"column":6},"end":{"line":122,"column":16}},"33":{"start":{"line":127,"column":4},"end":{"line":135,"column":5}},"34":{"start":{"line":128,"column":23},"end":{"line":131,"column":8}},"35":{"start":{"line":132,"column":6},"end":{"line":132,"column":41}},"36":{"start":{"line":134,"column":6},"end":{"line":134,"column":16}},"37":{"start":{"line":139,"column":19},"end":{"line":139,"column":33}},"38":{"start":{"line":141,"column":4},"end":{"line":152,"column":5}},"39":{"start":{"line":142,"column":24},"end":{"line":147,"column":8}},"40":{"start":{"line":148,"column":6},"end":{"line":148,"column":67}},"41":{"start":{"line":148,"column":22},"end":{"line":148,"column":67}},"42":{"start":{"line":149,"column":6},"end":{"line":149,"column":42}},"43":{"start":{"line":151,"column":6},"end":{"line":151,"column":16}},"44":{"start":{"line":156,"column":23},"end":{"line":156,"column":31}},"45":{"start":{"line":157,"column":19},"end":{"line":157,"column":33}},"46":{"start":{"line":159,"column":4},"end":{"line":175,"column":5}},"47":{"start":{"line":160,"column":6},"end":{"line":172,"column":7}},"48":{"start":{"line":160,"column":19},"end":{"line":160,"column":78}},"49":{"start":{"line":162,"column":28},"end":{"line":169,"column":9}},"50":{"start":{"line":170,"column":8},"end":{"line":170,"column":79}},"51":{"start":{"line":170,"column":34},"end":{"line":170,"column":79}},"52":{"start":{"line":171,"column":8},"end":{"line":171,"column":77}},"53":{"start":{"line":174,"column":6},"end":{"line":174,"column":16}},"54":{"start":{"line":179,"column":67},"end":{"line":179,"column":75}},"55":{"start":{"line":180,"column":19},"end":{"line":180,"column":33}},"56":{"start":{"line":181,"column":4},"end":{"line":194,"column":5}},"57":{"start":{"line":182,"column":26},"end":{"line":189,"column":7}},"58":{"start":{"line":190,"column":6},"end":{"line":190,"column":77}},"59":{"start":{"line":190,"column":32},"end":{"line":190,"column":77}},"60":{"start":{"line":191,"column":6},"end":{"line":191,"column":73}},"61":{"start":{"line":193,"column":6},"end":{"line":193,"column":16}},"62":{"start":{"line":198,"column":19},"end":{"line":198,"column":33}},"63":{"start":{"line":200,"column":4},"end":{"line":206,"column":5}},"64":{"start":{"line":201,"column":26},"end":{"line":201,"column":71}},"65":{"start":{"line":202,"column":6},"end":{"line":202,"column":69}},"66":{"start":{"line":202,"column":24},"end":{"line":202,"column":69}},"67":{"start":{"line":203,"column":6},"end":{"line":203,"column":68}},"68":{"start":{"line":205,"column":6},"end":{"line":205,"column":16}},"69":{"start":{"line":210,"column":0},"end":{"line":210,"column":32}}},"fnMap":{"0":{"name":"(anonymous_0)","decl":{"start":{"line":5,"column":2},"end":{"line":5,"column":3}},"loc":{"start":{"line":5,"column":40},"end":{"line":25,"column":3}},"line":5},"1":{"name":"(anonymous_1)","decl":{"start":{"line":27,"column":2},"end":{"line":27,"column":3}},"loc":{"start":{"line":27,"column":43},"end":{"line":54,"column":3}},"line":27},"2":{"name":"(anonymous_2)","decl":{"start":{"line":56,"column":2},"end":{"line":56,"column":3}},"loc":{"start":{"line":56,"column":45},"end":{"line":98,"column":3}},"line":56},"3":{"name":"(anonymous_3)","decl":{"start":{"line":100,"column":2},"end":{"line":100,"column":3}},"loc":{"start":{"line":100,"column":45},"end":{"line":124,"column":3}},"line":100},"4":{"name":"(anonymous_4)","decl":{"start":{"line":126,"column":2},"end":{"line":126,"column":3}},"loc":{"start":{"line":126,"column":35},"end":{"line":136,"column":3}},"line":126},"5":{"name":"(anonymous_5)","decl":{"start":{"line":138,"column":2},"end":{"line":138,"column":3}},"loc":{"start":{"line":138,"column":38},"end":{"line":153,"column":3}},"line":138},"6":{"name":"(anonymous_6)","decl":{"start":{"line":155,"column":2},"end":{"line":155,"column":3}},"loc":{"start":{"line":155,"column":37},"end":{"line":176,"column":3}},"line":155},"7":{"name":"(anonymous_7)","decl":{"start":{"line":178,"column":2},"end":{"line":178,"column":3}},"loc":{"start":{"line":178,"column":38},"end":{"line":195,"column":3}},"line":178},"8":{"name":"(anonymous_8)","decl":{"start":{"line":197,"column":2},"end":{"line":197,"column":3}},"loc":{"start":{"line":197,"column":38},"end":{"line":207,"column":3}},"line":197}},"branchMap":{"0":{"loc":{"start":{"line":8,"column":6},"end":{"line":21,"column":7}},"type":"if","locations":[{"start":{"line":8,"column":6},"end":{"line":21,"column":7}},{"start":{"line":8,"column":6},"end":{"line":21,"column":7}}],"line":8},"1":{"loc":{"start":{"line":8,"column":10},"end":{"line":8,"column":64}},"type":"binary-expr","locations":[{"start":{"line":8,"column":10},"end":{"line":8,"column":36}},{"start":{"line":8,"column":40},"end":{"line":8,"column":64}}],"line":8},"2":{"loc":{"start":{"line":36,"column":6},"end":{"line":50,"column":7}},"type":"if","locations":[{"start":{"line":36,"column":6},"end":{"line":50,"column":7}},{"start":{"line":36,"column":6},"end":{"line":50,"column":7}}],"line":36},"3":{"loc":{"start":{"line":37,"column":11},"end":{"line":50,"column":7}},"type":"if","locations":[{"start":{"line":37,"column":11},"end":{"line":50,"column":7}},{"start":{"line":37,"column":11},"end":{"line":50,"column":7}}],"line":37},"4":{"loc":{"start":{"line":148,"column":6},"end":{"line":148,"column":67}},"type":"if","locations":[{"start":{"line":148,"column":6},"end":{"line":148,"column":67}},{"start":{"line":148,"column":6},"end":{"line":148,"column":67}}],"line":148},"5":{"loc":{"start":{"line":160,"column":6},"end":{"line":172,"column":7}},"type":"if","locations":[{"start":{"line":160,"column":6},"end":{"line":172,"column":7}},{"start":{"line":160,"column":6},"end":{"line":172,"column":7}}],"line":160},"6":{"loc":{"start":{"line":170,"column":8},"end":{"line":170,"column":79}},"type":"if","locations":[{"start":{"line":170,"column":8},"end":{"line":170,"column":79}},{"start":{"line":170,"column":8},"end":{"line":170,"column":79}}],"line":170},"7":{"loc":{"start":{"line":190,"column":6},"end":{"line":190,"column":77}},"type":"if","locations":[{"start":{"line":190,"column":6},"end":{"line":190,"column":77}},{"start":{"line":190,"column":6},"end":{"line":190,"column":77}}],"line":190},"8":{"loc":{"start":{"line":202,"column":6},"end":{"line":202,"column":69}},"type":"if","locations":[{"start":{"line":202,"column":6},"end":{"line":202,"column":69}},{"start":{"line":202,"column":6},"end":{"line":202,"column":69}}],"line":202}},"s":{"0":1,"1":1,"2":0,"3":0,"4":0,"5":0,"6":0,"7":0,"8":0,"9":1,"10":1,"11":1,"12":1,"13":0,"14":1,"15":0,"16":1,"17":1,"18":0,"19":0,"20":0,"21":0,"22":0,"23":0,"24":0,"25":0,"26":0,"27":0,"28":0,"29":0,"30":0,"31":0,"32":0,"33":0,"34":0,"35":0,"36":0,"37":0,"38":0,"39":0,"40":0,"41":0,"42":0,"43":0,"44":0,"45":0,"46":0,"47":0,"48":0,"49":0,"50":0,"51":0,"52":0,"53":0,"54":0,"55":0,"56":0,"57":0,"58":0,"59":0,"60":0,"61":0,"62":0,"63":0,"64":0,"65":0,"66":0,"67":0,"68":0,"69":1},"f":{"0":0,"1":1,"2":0,"3":0,"4":0,"5":0,"6":0,"7":0,"8":0},"b":{"0":[0,0],"1":[0,0],"2":[0,1],"3":[0,1],"4":[0,0],"5":[0,0],"6":[0,0],"7":[0,0],"8":[0,0]},"_coverageSchema":"1a1c01bbd47fc00a2c39e90264f33305004495a9","hash":"2fe83fffa29f412bc395aad7a4c5ebd6e07c7730"}
,"D:\\Abraham\\File Prectatore Baladi\\DaScin & WebDev\\Hacktiv8\\Phase-3\\Final Project\\Server\\helpers\\helper.js": {"path":"D:\\Abraham\\File Prectatore Baladi\\DaScin & WebDev\\Hacktiv8\\Phase-3\\Final Project\\Server\\helpers\\helper.js","statementMap":{"0":{"start":{"line":1,"column":15},"end":{"line":1,"column":34}},"1":{"start":{"line":2,"column":12},"end":{"line":2,"column":35}},"2":{"start":{"line":6,"column":17},"end":{"line":6,"column":54}},"3":{"start":{"line":7,"column":17},"end":{"line":7,"column":48}},"4":{"start":{"line":8,"column":4},"end":{"line":8,"column":16}},"5":{"start":{"line":12,"column":4},"end":{"line":12,"column":46}},"6":{"start":{"line":16,"column":18},"end":{"line":16,"column":55}},"7":{"start":{"line":17,"column":4},"end":{"line":17,"column":17}},"8":{"start":{"line":21,"column":20},"end":{"line":21,"column":57}},"9":{"start":{"line":22,"column":4},"end":{"line":22,"column":19}},"10":{"start":{"line":26,"column":19},"end":{"line":26,"column":21}},"11":{"start":{"line":30,"column":4},"end":{"line":50,"column":6}},"12":{"start":{"line":31,"column":6},"end":{"line":33,"column":7}},"13":{"start":{"line":32,"column":8},"end":{"line":32,"column":23}},"14":{"start":{"line":34,"column":30},"end":{"line":34,"column":89}},"15":{"start":{"line":35,"column":14},"end":{"line":35,"column":18}},"16":{"start":{"line":36,"column":17},"end":{"line":36,"column":61}},"17":{"start":{"line":37,"column":17},"end":{"line":37,"column":61}},"18":{"start":{"line":38,"column":17},"end":{"line":38,"column":40}},"19":{"start":{"line":39,"column":17},"end":{"line":39,"column":42}},"20":{"start":{"line":42,"column":8},"end":{"line":43,"column":81}},"21":{"start":{"line":44,"column":14},"end":{"line":44,"column":60}},"22":{"start":{"line":45,"column":14},"end":{"line":45,"column":19}},"23":{"start":{"line":47,"column":6},"end":{"line":49,"column":7}},"24":{"start":{"line":48,"column":8},"end":{"line":48,"column":23}},"25":{"start":{"line":53,"column":6},"end":{"line":53,"column":37}},"26":{"start":{"line":56,"column":4},"end":{"line":56,"column":17}},"27":{"start":{"line":60,"column":0},"end":{"line":60,"column":24}}},"fnMap":{"0":{"name":"(anonymous_0)","decl":{"start":{"line":5,"column":2},"end":{"line":5,"column":3}},"loc":{"start":{"line":5,"column":32},"end":{"line":9,"column":3}},"line":5},"1":{"name":"(anonymous_1)","decl":{"start":{"line":11,"column":2},"end":{"line":11,"column":3}},"loc":{"start":{"line":11,"column":41},"end":{"line":13,"column":3}},"line":11},"2":{"name":"(anonymous_2)","decl":{"start":{"line":15,"column":2},"end":{"line":15,"column":3}},"loc":{"start":{"line":15,"column":28},"end":{"line":18,"column":3}},"line":15},"3":{"name":"(anonymous_3)","decl":{"start":{"line":20,"column":2},"end":{"line":20,"column":3}},"loc":{"start":{"line":20,"column":28},"end":{"line":23,"column":3}},"line":20},"4":{"name":"(anonymous_4)","decl":{"start":{"line":25,"column":2},"end":{"line":25,"column":3}},"loc":{"start":{"line":25,"column":52},"end":{"line":57,"column":3}},"line":25},"5":{"name":"(anonymous_5)","decl":{"start":{"line":30,"column":21},"end":{"line":30,"column":22}},"loc":{"start":{"line":30,"column":27},"end":{"line":50,"column":5}},"line":30},"6":{"name":"toRad","decl":{"start":{"line":52,"column":13},"end":{"line":52,"column":18}},"loc":{"start":{"line":52,"column":26},"end":{"line":54,"column":5}},"line":52}},"branchMap":{"0":{"loc":{"start":{"line":31,"column":6},"end":{"line":33,"column":7}},"type":"if","locations":[{"start":{"line":31,"column":6},"end":{"line":33,"column":7}},{"start":{"line":31,"column":6},"end":{"line":33,"column":7}}],"line":31},"1":{"loc":{"start":{"line":47,"column":6},"end":{"line":49,"column":7}},"type":"if","locations":[{"start":{"line":47,"column":6},"end":{"line":49,"column":7}},{"start":{"line":47,"column":6},"end":{"line":49,"column":7}}],"line":47}},"s":{"0":1,"1":1,"2":0,"3":0,"4":0,"5":1,"6":1,"7":1,"8":14,"9":14,"10":0,"11":0,"12":0,"13":0,"14":0,"15":0,"16":0,"17":0,"18":0,"19":0,"20":0,"21":0,"22":0,"23":0,"24":0,"25":0,"26":0,"27":1},"f":{"0":0,"1":1,"2":1,"3":14,"4":0,"5":0,"6":0},"b":{"0":[0,0],"1":[0,0]},"_coverageSchema":"1a1c01bbd47fc00a2c39e90264f33305004495a9","hash":"37471059204e7d3402e764ac9fff9b361085cabf"}
,"D:\\Abraham\\File Prectatore Baladi\\DaScin & WebDev\\Hacktiv8\\Phase-3\\Final Project\\Server\\middlewares\\middleware.js": {"path":"D:\\Abraham\\File Prectatore Baladi\\DaScin & WebDev\\Hacktiv8\\Phase-3\\Final Project\\Server\\middlewares\\middleware.js","statementMap":{"0":{"start":{"line":1,"column":15},"end":{"line":1,"column":43}},"1":{"start":{"line":9,"column":4},"end":{"line":9,"column":24}},"2":{"start":{"line":13,"column":29},"end":{"line":13,"column":40}},"3":{"start":{"line":14,"column":4},"end":{"line":27,"column":5}},"4":{"start":{"line":15,"column":6},"end":{"line":24,"column":7}},"5":{"start":{"line":15,"column":25},"end":{"line":15,"column":77}},"6":{"start":{"line":17,"column":24},"end":{"line":17,"column":62}},"7":{"start":{"line":18,"column":8},"end":{"line":23,"column":9}},"8":{"start":{"line":19,"column":10},"end":{"line":19,"column":62}},"9":{"start":{"line":21,"column":10},"end":{"line":21,"column":33}},"10":{"start":{"line":22,"column":10},"end":{"line":22,"column":17}},"11":{"start":{"line":26,"column":6},"end":{"line":26,"column":16}},"12":{"start":{"line":31,"column":29},"end":{"line":31,"column":40}},"13":{"start":{"line":32,"column":4},"end":{"line":51,"column":5}},"14":{"start":{"line":33,"column":6},"end":{"line":48,"column":7}},"15":{"start":{"line":33,"column":25},"end":{"line":33,"column":77}},"16":{"start":{"line":35,"column":24},"end":{"line":35,"column":62}},"17":{"start":{"line":36,"column":27},"end":{"line":40,"column":10}},"18":{"start":{"line":41,"column":8},"end":{"line":47,"column":9}},"19":{"start":{"line":41,"column":25},"end":{"line":41,"column":77}},"20":{"start":{"line":42,"column":13},"end":{"line":47,"column":9}},"21":{"start":{"line":43,"column":10},"end":{"line":43,"column":62}},"22":{"start":{"line":45,"column":10},"end":{"line":45,"column":33}},"23":{"start":{"line":46,"column":10},"end":{"line":46,"column":17}},"24":{"start":{"line":50,"column":6},"end":{"line":50,"column":16}},"25":{"start":{"line":55,"column":29},"end":{"line":55,"column":40}},"26":{"start":{"line":56,"column":4},"end":{"line":75,"column":5}},"27":{"start":{"line":57,"column":6},"end":{"line":72,"column":7}},"28":{"start":{"line":57,"column":25},"end":{"line":57,"column":77}},"29":{"start":{"line":59,"column":24},"end":{"line":59,"column":62}},"30":{"start":{"line":60,"column":27},"end":{"line":64,"column":10}},"31":{"start":{"line":65,"column":8},"end":{"line":71,"column":9}},"32":{"start":{"line":65,"column":25},"end":{"line":65,"column":77}},"33":{"start":{"line":66,"column":13},"end":{"line":71,"column":9}},"34":{"start":{"line":67,"column":10},"end":{"line":67,"column":62}},"35":{"start":{"line":69,"column":10},"end":{"line":69,"column":33}},"36":{"start":{"line":70,"column":10},"end":{"line":70,"column":17}},"37":{"start":{"line":74,"column":6},"end":{"line":74,"column":16}},"38":{"start":{"line":79,"column":22},"end":{"line":79,"column":36}},"39":{"start":{"line":80,"column":4},"end":{"line":87,"column":5}},"40":{"start":{"line":81,"column":27},"end":{"line":81,"column":60}},"41":{"start":{"line":82,"column":6},"end":{"line":84,"column":56}},"42":{"start":{"line":82,"column":25},"end":{"line":82,"column":73}},"43":{"start":{"line":83,"column":11},"end":{"line":84,"column":56}},"44":{"start":{"line":83,"column":55},"end":{"line":83,"column":62}},"45":{"start":{"line":84,"column":11},"end":{"line":84,"column":56}},"46":{"start":{"line":86,"column":6},"end":{"line":86,"column":16}},"47":{"start":{"line":91,"column":24},"end":{"line":91,"column":38}},"48":{"start":{"line":92,"column":4},"end":{"line":111,"column":5}},"49":{"start":{"line":93,"column":29},"end":{"line":98,"column":8}},"50":{"start":{"line":99,"column":6},"end":{"line":108,"column":7}},"51":{"start":{"line":99,"column":27},"end":{"line":99,"column":77}},"52":{"start":{"line":100,"column":11},"end":{"line":108,"column":7}},"53":{"start":{"line":101,"column":8},"end":{"line":105,"column":10}},"54":{"start":{"line":107,"column":8},"end":{"line":107,"column":15}},"55":{"start":{"line":110,"column":6},"end":{"line":110,"column":16}},"56":{"start":{"line":115,"column":25},"end":{"line":115,"column":39}},"57":{"start":{"line":116,"column":4},"end":{"line":135,"column":5}},"58":{"start":{"line":117,"column":30},"end":{"line":122,"column":8}},"59":{"start":{"line":123,"column":6},"end":{"line":132,"column":7}},"60":{"start":{"line":123,"column":28},"end":{"line":123,"column":79}},"61":{"start":{"line":124,"column":11},"end":{"line":132,"column":7}},"62":{"start":{"line":125,"column":8},"end":{"line":129,"column":10}},"63":{"start":{"line":131,"column":8},"end":{"line":131,"column":15}},"64":{"start":{"line":134,"column":6},"end":{"line":134,"column":16}},"65":{"start":{"line":139,"column":22},"end":{"line":139,"column":36}},"66":{"start":{"line":140,"column":4},"end":{"line":158,"column":5}},"67":{"start":{"line":141,"column":27},"end":{"line":146,"column":8}},"68":{"start":{"line":147,"column":6},"end":{"line":155,"column":7}},"69":{"start":{"line":147,"column":25},"end":{"line":147,"column":73}},"70":{"start":{"line":148,"column":11},"end":{"line":155,"column":7}},"71":{"start":{"line":149,"column":8},"end":{"line":152,"column":10}},"72":{"start":{"line":154,"column":8},"end":{"line":154,"column":15}},"73":{"start":{"line":157,"column":6},"end":{"line":157,"column":16}},"74":{"start":{"line":161,"column":19},"end":{"line":161,"column":33}},"75":{"start":{"line":162,"column":4},"end":{"line":190,"column":5}},"76":{"start":{"line":163,"column":24},"end":{"line":168,"column":8}},"77":{"start":{"line":169,"column":6},"end":{"line":187,"column":7}},"78":{"start":{"line":169,"column":22},"end":{"line":169,"column":67}},"79":{"start":{"line":170,"column":11},"end":{"line":187,"column":7}},"80":{"start":{"line":170,"column":39},"end":{"line":170,"column":46}},"81":{"start":{"line":171,"column":11},"end":{"line":187,"column":7}},"82":{"start":{"line":172,"column":32},"end":{"line":176,"column":10}},"83":{"start":{"line":177,"column":8},"end":{"line":184,"column":9}},"84":{"start":{"line":177,"column":40},"end":{"line":177,"column":47}},"85":{"start":{"line":179,"column":10},"end":{"line":183,"column":12}},"86":{"start":{"line":186,"column":8},"end":{"line":186,"column":15}},"87":{"start":{"line":189,"column":6},"end":{"line":189,"column":16}},"88":{"start":{"line":194,"column":4},"end":{"line":194,"column":21}},"89":{"start":{"line":195,"column":17},"end":{"line":195,"column":34}},"90":{"start":{"line":196,"column":14},"end":{"line":196,"column":48}},"91":{"start":{"line":198,"column":4},"end":{"line":216,"column":5}},"92":{"start":{"line":202,"column":6},"end":{"line":202,"column":19}},"93":{"start":{"line":203,"column":6},"end":{"line":203,"column":58}},"94":{"start":{"line":203,"column":35},"end":{"line":203,"column":45}},"95":{"start":{"line":204,"column":11},"end":{"line":216,"column":5}},"96":{"start":{"line":205,"column":6},"end":{"line":205,"column":19}},"97":{"start":{"line":206,"column":6},"end":{"line":206,"column":35}},"98":{"start":{"line":207,"column":11},"end":{"line":216,"column":5}},"99":{"start":{"line":208,"column":6},"end":{"line":208,"column":19}},"100":{"start":{"line":209,"column":6},"end":{"line":209,"column":36}},"101":{"start":{"line":210,"column":11},"end":{"line":216,"column":5}},"102":{"start":{"line":211,"column":6},"end":{"line":211,"column":19}},"103":{"start":{"line":212,"column":6},"end":{"line":212,"column":29}},"104":{"start":{"line":213,"column":11},"end":{"line":216,"column":5}},"105":{"start":{"line":214,"column":6},"end":{"line":214,"column":19}},"106":{"start":{"line":215,"column":6},"end":{"line":215,"column":24}},"107":{"start":{"line":217,"column":4},"end":{"line":217,"column":37}},"108":{"start":{"line":221,"column":0},"end":{"line":221,"column":28}}},"fnMap":{"0":{"name":"(anonymous_0)","decl":{"start":{"line":12,"column":2},"end":{"line":12,"column":3}},"loc":{"start":{"line":12,"column":41},"end":{"line":28,"column":3}},"line":12},"1":{"name":"(anonymous_1)","decl":{"start":{"line":30,"column":2},"end":{"line":30,"column":3}},"loc":{"start":{"line":30,"column":41},"end":{"line":52,"column":3}},"line":30},"2":{"name":"(anonymous_2)","decl":{"start":{"line":54,"column":2},"end":{"line":54,"column":3}},"loc":{"start":{"line":54,"column":41},"end":{"line":76,"column":3}},"line":54},"3":{"name":"(anonymous_3)","decl":{"start":{"line":78,"column":2},"end":{"line":78,"column":3}},"loc":{"start":{"line":78,"column":36},"end":{"line":88,"column":3}},"line":78},"4":{"name":"(anonymous_4)","decl":{"start":{"line":90,"column":2},"end":{"line":90,"column":3}},"loc":{"start":{"line":90,"column":59},"end":{"line":112,"column":3}},"line":90},"5":{"name":"(anonymous_5)","decl":{"start":{"line":114,"column":2},"end":{"line":114,"column":3}},"loc":{"start":{"line":114,"column":60},"end":{"line":136,"column":3}},"line":114},"6":{"name":"(anonymous_6)","decl":{"start":{"line":138,"column":2},"end":{"line":138,"column":3}},"loc":{"start":{"line":138,"column":57},"end":{"line":159,"column":3}},"line":138},"7":{"name":"(anonymous_7)","decl":{"start":{"line":160,"column":2},"end":{"line":160,"column":3}},"loc":{"start":{"line":160,"column":55},"end":{"line":191,"column":3}},"line":160},"8":{"name":"(anonymous_8)","decl":{"start":{"line":193,"column":2},"end":{"line":193,"column":3}},"loc":{"start":{"line":193,"column":43},"end":{"line":218,"column":3}},"line":193},"9":{"name":"(anonymous_9)","decl":{"start":{"line":203,"column":27},"end":{"line":203,"column":28}},"loc":{"start":{"line":203,"column":35},"end":{"line":203,"column":45}},"line":203}},"branchMap":{"0":{"loc":{"start":{"line":15,"column":6},"end":{"line":24,"column":7}},"type":"if","locations":[{"start":{"line":15,"column":6},"end":{"line":24,"column":7}},{"start":{"line":15,"column":6},"end":{"line":24,"column":7}}],"line":15},"1":{"loc":{"start":{"line":18,"column":8},"end":{"line":23,"column":9}},"type":"if","locations":[{"start":{"line":18,"column":8},"end":{"line":23,"column":9}},{"start":{"line":18,"column":8},"end":{"line":23,"column":9}}],"line":18},"2":{"loc":{"start":{"line":33,"column":6},"end":{"line":48,"column":7}},"type":"if","locations":[{"start":{"line":33,"column":6},"end":{"line":48,"column":7}},{"start":{"line":33,"column":6},"end":{"line":48,"column":7}}],"line":33},"3":{"loc":{"start":{"line":41,"column":8},"end":{"line":47,"column":9}},"type":"if","locations":[{"start":{"line":41,"column":8},"end":{"line":47,"column":9}},{"start":{"line":41,"column":8},"end":{"line":47,"column":9}}],"line":41},"4":{"loc":{"start":{"line":42,"column":13},"end":{"line":47,"column":9}},"type":"if","locations":[{"start":{"line":42,"column":13},"end":{"line":47,"column":9}},{"start":{"line":42,"column":13},"end":{"line":47,"column":9}}],"line":42},"5":{"loc":{"start":{"line":57,"column":6},"end":{"line":72,"column":7}},"type":"if","locations":[{"start":{"line":57,"column":6},"end":{"line":72,"column":7}},{"start":{"line":57,"column":6},"end":{"line":72,"column":7}}],"line":57},"6":{"loc":{"start":{"line":65,"column":8},"end":{"line":71,"column":9}},"type":"if","locations":[{"start":{"line":65,"column":8},"end":{"line":71,"column":9}},{"start":{"line":65,"column":8},"end":{"line":71,"column":9}}],"line":65},"7":{"loc":{"start":{"line":66,"column":13},"end":{"line":71,"column":9}},"type":"if","locations":[{"start":{"line":66,"column":13},"end":{"line":71,"column":9}},{"start":{"line":66,"column":13},"end":{"line":71,"column":9}}],"line":66},"8":{"loc":{"start":{"line":82,"column":6},"end":{"line":84,"column":56}},"type":"if","locations":[{"start":{"line":82,"column":6},"end":{"line":84,"column":56}},{"start":{"line":82,"column":6},"end":{"line":84,"column":56}}],"line":82},"9":{"loc":{"start":{"line":83,"column":11},"end":{"line":84,"column":56}},"type":"if","locations":[{"start":{"line":83,"column":11},"end":{"line":84,"column":56}},{"start":{"line":83,"column":11},"end":{"line":84,"column":56}}],"line":83},"10":{"loc":{"start":{"line":99,"column":6},"end":{"line":108,"column":7}},"type":"if","locations":[{"start":{"line":99,"column":6},"end":{"line":108,"column":7}},{"start":{"line":99,"column":6},"end":{"line":108,"column":7}}],"line":99},"11":{"loc":{"start":{"line":100,"column":11},"end":{"line":108,"column":7}},"type":"if","locations":[{"start":{"line":100,"column":11},"end":{"line":108,"column":7}},{"start":{"line":100,"column":11},"end":{"line":108,"column":7}}],"line":100},"12":{"loc":{"start":{"line":123,"column":6},"end":{"line":132,"column":7}},"type":"if","locations":[{"start":{"line":123,"column":6},"end":{"line":132,"column":7}},{"start":{"line":123,"column":6},"end":{"line":132,"column":7}}],"line":123},"13":{"loc":{"start":{"line":124,"column":11},"end":{"line":132,"column":7}},"type":"if","locations":[{"start":{"line":124,"column":11},"end":{"line":132,"column":7}},{"start":{"line":124,"column":11},"end":{"line":132,"column":7}}],"line":124},"14":{"loc":{"start":{"line":147,"column":6},"end":{"line":155,"column":7}},"type":"if","locations":[{"start":{"line":147,"column":6},"end":{"line":155,"column":7}},{"start":{"line":147,"column":6},"end":{"line":155,"column":7}}],"line":147},"15":{"loc":{"start":{"line":148,"column":11},"end":{"line":155,"column":7}},"type":"if","locations":[{"start":{"line":148,"column":11},"end":{"line":155,"column":7}},{"start":{"line":148,"column":11},"end":{"line":155,"column":7}}],"line":148},"16":{"loc":{"start":{"line":169,"column":6},"end":{"line":187,"column":7}},"type":"if","locations":[{"start":{"line":169,"column":6},"end":{"line":187,"column":7}},{"start":{"line":169,"column":6},"end":{"line":187,"column":7}}],"line":169},"17":{"loc":{"start":{"line":170,"column":11},"end":{"line":187,"column":7}},"type":"if","locations":[{"start":{"line":170,"column":11},"end":{"line":187,"column":7}},{"start":{"line":170,"column":11},"end":{"line":187,"column":7}}],"line":170},"18":{"loc":{"start":{"line":171,"column":11},"end":{"line":187,"column":7}},"type":"if","locations":[{"start":{"line":171,"column":11},"end":{"line":187,"column":7}},{"start":{"line":171,"column":11},"end":{"line":187,"column":7}}],"line":171},"19":{"loc":{"start":{"line":177,"column":8},"end":{"line":184,"column":9}},"type":"if","locations":[{"start":{"line":177,"column":8},"end":{"line":184,"column":9}},{"start":{"line":177,"column":8},"end":{"line":184,"column":9}}],"line":177},"20":{"loc":{"start":{"line":195,"column":17},"end":{"line":195,"column":34}},"type":"binary-expr","locations":[{"start":{"line":195,"column":17},"end":{"line":195,"column":27}},{"start":{"line":195,"column":31},"end":{"line":195,"column":34}}],"line":195},"21":{"loc":{"start":{"line":196,"column":14},"end":{"line":196,"column":48}},"type":"binary-expr","locations":[{"start":{"line":196,"column":14},"end":{"line":196,"column":21}},{"start":{"line":196,"column":25},"end":{"line":196,"column":48}}],"line":196},"22":{"loc":{"start":{"line":198,"column":4},"end":{"line":216,"column":5}},"type":"if","locations":[{"start":{"line":198,"column":4},"end":{"line":216,"column":5}},{"start":{"line":198,"column":4},"end":{"line":216,"column":5}}],"line":198},"23":{"loc":{"start":{"line":199,"column":6},"end":{"line":200,"column":51}},"type":"binary-expr","locations":[{"start":{"line":199,"column":6},"end":{"line":199,"column":45}},{"start":{"line":200,"column":6},"end":{"line":200,"column":51}}],"line":199},"24":{"loc":{"start":{"line":204,"column":11},"end":{"line":216,"column":5}},"type":"if","locations":[{"start":{"line":204,"column":11},"end":{"line":216,"column":5}},{"start":{"line":204,"column":11},"end":{"line":216,"column":5}}],"line":204},"25":{"loc":{"start":{"line":207,"column":11},"end":{"line":216,"column":5}},"type":"if","locations":[{"start":{"line":207,"column":11},"end":{"line":216,"column":5}},{"start":{"line":207,"column":11},"end":{"line":216,"column":5}}],"line":207},"26":{"loc":{"start":{"line":210,"column":11},"end":{"line":216,"column":5}},"type":"if","locations":[{"start":{"line":210,"column":11},"end":{"line":216,"column":5}},{"start":{"line":210,"column":11},"end":{"line":216,"column":5}}],"line":210},"27":{"loc":{"start":{"line":213,"column":11},"end":{"line":216,"column":5}},"type":"if","locations":[{"start":{"line":213,"column":11},"end":{"line":216,"column":5}},{"start":{"line":213,"column":11},"end":{"line":216,"column":5}}],"line":213}},"s":{"0":1,"1":1,"2":0,"3":0,"4":0,"5":0,"6":0,"7":0,"8":0,"9":0,"10":0,"11":0,"12":0,"13":0,"14":0,"15":0,"16":0,"17":0,"18":0,"19":0,"20":0,"21":0,"22":0,"23":0,"24":0,"25":14,"26":14,"27":14,"28":0,"29":14,"30":14,"31":14,"32":0,"33":14,"34":0,"35":14,"36":14,"37":0,"38":0,"39":0,"40":0,"41":0,"42":0,"43":0,"44":0,"45":0,"46":0,"47":0,"48":0,"49":0,"50":0,"51":0,"52":0,"53":0,"54":0,"55":0,"56":0,"57":0,"58":0,"59":0,"60":0,"61":0,"62":0,"63":0,"64":0,"65":0,"66":0,"67":0,"68":0,"69":0,"70":0,"71":0,"72":0,"73":0,"74":0,"75":0,"76":0,"77":0,"78":0,"79":0,"80":0,"81":0,"82":0,"83":0,"84":0,"85":0,"86":0,"87":0,"88":9,"89":9,"90":9,"91":9,"92":6,"93":6,"94":7,"95":3,"96":0,"97":0,"98":3,"99":0,"100":0,"101":3,"102":0,"103":0,"104":3,"105":0,"106":0,"107":9,"108":1},"f":{"0":0,"1":0,"2":14,"3":0,"4":0,"5":0,"6":0,"7":0,"8":9,"9":7},"b":{"0":[0,0],"1":[0,0],"2":[0,0],"3":[0,0],"4":[0,0],"5":[0,14],"6":[0,14],"7":[0,14],"8":[0,0],"9":[0,0],"10":[0,0],"11":[0,0],"12":[0,0],"13":[0,0],"14":[0,0],"15":[0,0],"16":[0,0],"17":[0,0],"18":[0,0],"19":[0,0],"20":[9,6],"21":[9,6],"22":[6,3],"23":[9,3],"24":[0,3],"25":[0,3],"26":[0,3],"27":[0,3]},"_coverageSchema":"1a1c01bbd47fc00a2c39e90264f33305004495a9","hash":"60173c0fd2bc28d43d1dd1b513996cb1ba4e8887"}
,"D:\\Abraham\\File Prectatore Baladi\\DaScin & WebDev\\Hacktiv8\\Phase-3\\Final Project\\Server\\middlewares\\upload.js": {"path":"D:\\Abraham\\File Prectatore Baladi\\DaScin & WebDev\\Hacktiv8\\Phase-3\\Final Project\\Server\\middlewares\\upload.js","statementMap":{"0":{"start":{"line":1,"column":15},"end":{"line":1,"column":32}},"1":{"start":{"line":3,"column":16},"end":{"line":11,"column":2}},"2":{"start":{"line":9,"column":4},"end":{"line":9,"column":47}},"3":{"start":{"line":13,"column":15},"end":{"line":15,"column":2}},"4":{"start":{"line":17,"column":0},"end":{"line":17,"column":23}}},"fnMap":{"0":{"name":"(anonymous_0)","decl":{"start":{"line":8,"column":10},"end":{"line":8,"column":11}},"loc":{"start":{"line":8,"column":25},"end":{"line":10,"column":3}},"line":8}},"branchMap":{},"s":{"0":1,"1":1,"2":0,"3":1,"4":1},"f":{"0":0},"b":{},"_coverageSchema":"1a1c01bbd47fc00a2c39e90264f33305004495a9","hash":"58e39020991dca7ec163cd9b6b6f65f0a0903b95"}
,"D:\\Abraham\\File Prectatore Baladi\\DaScin & WebDev\\Hacktiv8\\Phase-3\\Final Project\\Server\\models\\category.js": {"path":"D:\\Abraham\\File Prectatore Baladi\\DaScin & WebDev\\Hacktiv8\\Phase-3\\Final Project\\Server\\models\\category.js","statementMap":{"0":{"start":{"line":4,"column":4},"end":{"line":4,"column":24}},"1":{"start":{"line":5,"column":0},"end":{"line":25,"column":2}},"2":{"start":{"line":14,"column":6},"end":{"line":14,"column":36}},"3":{"start":{"line":17,"column":2},"end":{"line":23,"column":5}},"4":{"start":{"line":24,"column":2},"end":{"line":24,"column":18}}},"fnMap":{"0":{"name":"(anonymous_0)","decl":{"start":{"line":5,"column":17},"end":{"line":5,"column":18}},"loc":{"start":{"line":5,"column":43},"end":{"line":25,"column":1}},"line":5},"1":{"name":"(anonymous_1)","decl":{"start":{"line":12,"column":4},"end":{"line":12,"column":5}},"loc":{"start":{"line":12,"column":29},"end":{"line":15,"column":5}},"line":12}},"branchMap":{},"s":{"0":1,"1":1,"2":1,"3":1,"4":1},"f":{"0":1,"1":1},"b":{},"_coverageSchema":"1a1c01bbd47fc00a2c39e90264f33305004495a9","hash":"b3b0645da14b7a2db2e4e49a911e7022f3e6dccf"}
,"D:\\Abraham\\File Prectatore Baladi\\DaScin & WebDev\\Hacktiv8\\Phase-3\\Final Project\\Server\\models\\comment.js": {"path":"D:\\Abraham\\File Prectatore Baladi\\DaScin & WebDev\\Hacktiv8\\Phase-3\\Final Project\\Server\\models\\comment.js","statementMap":{"0":{"start":{"line":2,"column":18},"end":{"line":2,"column":38}},"1":{"start":{"line":3,"column":0},"end":{"line":42,"column":2}},"2":{"start":{"line":12,"column":6},"end":{"line":12,"column":41}},"3":{"start":{"line":13,"column":6},"end":{"line":13,"column":37}},"4":{"start":{"line":16,"column":2},"end":{"line":40,"column":4}},"5":{"start":{"line":41,"column":2},"end":{"line":41,"column":17}}},"fnMap":{"0":{"name":"(anonymous_0)","decl":{"start":{"line":3,"column":17},"end":{"line":3,"column":18}},"loc":{"start":{"line":3,"column":43},"end":{"line":42,"column":1}},"line":3},"1":{"name":"(anonymous_1)","decl":{"start":{"line":10,"column":4},"end":{"line":10,"column":5}},"loc":{"start":{"line":10,"column":29},"end":{"line":14,"column":5}},"line":10}},"branchMap":{},"s":{"0":1,"1":1,"2":1,"3":1,"4":1,"5":1},"f":{"0":1,"1":1},"b":{},"_coverageSchema":"1a1c01bbd47fc00a2c39e90264f33305004495a9","hash":"db6e413cc0be44c6ffe6f363728b77c82aca6568"}
,"D:\\Abraham\\File Prectatore Baladi\\DaScin & WebDev\\Hacktiv8\\Phase-3\\Final Project\\Server\\models\\complex.js": {"path":"D:\\Abraham\\File Prectatore Baladi\\DaScin & WebDev\\Hacktiv8\\Phase-3\\Final Project\\Server\\models\\complex.js","statementMap":{"0":{"start":{"line":2,"column":18},"end":{"line":2,"column":38}},"1":{"start":{"line":3,"column":0},"end":{"line":43,"column":2}},"2":{"start":{"line":12,"column":6},"end":{"line":12,"column":34}},"3":{"start":{"line":13,"column":6},"end":{"line":13,"column":35}},"4":{"start":{"line":14,"column":6},"end":{"line":17,"column":9}},"5":{"start":{"line":20,"column":2},"end":{"line":41,"column":4}},"6":{"start":{"line":42,"column":2},"end":{"line":42,"column":17}}},"fnMap":{"0":{"name":"(anonymous_0)","decl":{"start":{"line":3,"column":17},"end":{"line":3,"column":18}},"loc":{"start":{"line":3,"column":43},"end":{"line":43,"column":1}},"line":3},"1":{"name":"(anonymous_1)","decl":{"start":{"line":10,"column":4},"end":{"line":10,"column":5}},"loc":{"start":{"line":10,"column":29},"end":{"line":18,"column":5}},"line":10}},"branchMap":{},"s":{"0":1,"1":1,"2":1,"3":1,"4":1,"5":1,"6":1},"f":{"0":1,"1":1},"b":{},"_coverageSchema":"1a1c01bbd47fc00a2c39e90264f33305004495a9","hash":"e4c0d99ee6dbaf16b4c3d0edae227f3a3b040e60"}
,"D:\\Abraham\\File Prectatore Baladi\\DaScin & WebDev\\Hacktiv8\\Phase-3\\Final Project\\Server\\models\\developer.js": {"path":"D:\\Abraham\\File Prectatore Baladi\\DaScin & WebDev\\Hacktiv8\\Phase-3\\Final Project\\Server\\models\\developer.js","statementMap":{"0":{"start":{"line":2,"column":18},"end":{"line":2,"column":38}},"1":{"start":{"line":3,"column":0},"end":{"line":72,"column":2}},"2":{"start":{"line":12,"column":6},"end":{"line":12,"column":43}},"3":{"start":{"line":13,"column":6},"end":{"line":16,"column":9}},"4":{"start":{"line":19,"column":2},"end":{"line":70,"column":4}},"5":{"start":{"line":42,"column":12},"end":{"line":47,"column":15}},"6":{"start":{"line":43,"column":14},"end":{"line":46,"column":15}},"7":{"start":{"line":43,"column":25},"end":{"line":43,"column":32}},"8":{"start":{"line":45,"column":16},"end":{"line":45,"column":49}},"9":{"start":{"line":71,"column":2},"end":{"line":71,"column":19}}},"fnMap":{"0":{"name":"(anonymous_0)","decl":{"start":{"line":3,"column":17},"end":{"line":3,"column":18}},"loc":{"start":{"line":3,"column":43},"end":{"line":72,"column":1}},"line":3},"1":{"name":"(anonymous_1)","decl":{"start":{"line":10,"column":4},"end":{"line":10,"column":5}},"loc":{"start":{"line":10,"column":29},"end":{"line":17,"column":5}},"line":10},"2":{"name":"(anonymous_2)","decl":{"start":{"line":41,"column":10},"end":{"line":41,"column":11}},"loc":{"start":{"line":41,"column":37},"end":{"line":48,"column":11}},"line":41},"3":{"name":"(anonymous_3)","decl":{"start":{"line":42,"column":64},"end":{"line":42,"column":65}},"loc":{"start":{"line":42,"column":74},"end":{"line":47,"column":13}},"line":42}},"branchMap":{"0":{"loc":{"start":{"line":43,"column":14},"end":{"line":46,"column":15}},"type":"if","locations":[{"start":{"line":43,"column":14},"end":{"line":46,"column":15}},{"start":{"line":43,"column":14},"end":{"line":46,"column":15}}],"line":43}},"s":{"0":1,"1":1,"2":1,"3":1,"4":1,"5":0,"6":0,"7":0,"8":0,"9":1},"f":{"0":1,"1":1,"2":0,"3":0},"b":{"0":[0,0]},"_coverageSchema":"1a1c01bbd47fc00a2c39e90264f33305004495a9","hash":"b3636f11dd633a5f556ee8768242d0092299b536"}
,"D:\\Abraham\\File Prectatore Baladi\\DaScin & WebDev\\Hacktiv8\\Phase-3\\Final Project\\Server\\models\\event.js": {"path":"D:\\Abraham\\File Prectatore Baladi\\DaScin & WebDev\\Hacktiv8\\Phase-3\\Final Project\\Server\\models\\event.js","statementMap":{"0":{"start":{"line":4,"column":4},"end":{"line":4,"column":24}},"1":{"start":{"line":5,"column":0},"end":{"line":96,"column":2}},"2":{"start":{"line":14,"column":6},"end":{"line":14,"column":38}},"3":{"start":{"line":15,"column":6},"end":{"line":15,"column":34}},"4":{"start":{"line":16,"column":6},"end":{"line":16,"column":40}},"5":{"start":{"line":19,"column":2},"end":{"line":94,"column":5}},"6":{"start":{"line":53,"column":26},"end":{"line":53,"column":36}},"7":{"start":{"line":54,"column":28},"end":{"line":54,"column":43}},"8":{"start":{"line":55,"column":10},"end":{"line":59,"column":11}},"9":{"start":{"line":56,"column":12},"end":{"line":58,"column":13}},"10":{"start":{"line":57,"column":14},"end":{"line":57,"column":64}},"11":{"start":{"line":95,"column":2},"end":{"line":95,"column":15}}},"fnMap":{"0":{"name":"(anonymous_0)","decl":{"start":{"line":5,"column":17},"end":{"line":5,"column":18}},"loc":{"start":{"line":5,"column":43},"end":{"line":96,"column":1}},"line":5},"1":{"name":"(anonymous_1)","decl":{"start":{"line":12,"column":4},"end":{"line":12,"column":5}},"loc":{"start":{"line":12,"column":29},"end":{"line":17,"column":5}},"line":12},"2":{"name":"(anonymous_2)","decl":{"start":{"line":52,"column":8},"end":{"line":52,"column":9}},"loc":{"start":{"line":52,"column":27},"end":{"line":60,"column":9}},"line":52}},"branchMap":{"0":{"loc":{"start":{"line":55,"column":10},"end":{"line":59,"column":11}},"type":"if","locations":[{"start":{"line":55,"column":10},"end":{"line":59,"column":11}},{"start":{"line":55,"column":10},"end":{"line":59,"column":11}}],"line":55},"1":{"loc":{"start":{"line":56,"column":12},"end":{"line":58,"column":13}},"type":"if","locations":[{"start":{"line":56,"column":12},"end":{"line":58,"column":13}},{"start":{"line":56,"column":12},"end":{"line":58,"column":13}}],
[...]
,"D:\\Abraham\\File Prectatore Baladi\\DaScin & WebDev\\Hacktiv8\\Phase-3\\Final Project\\Server\\models\\user.js": {"path":"D:\\Abraham\\File Prectatore Baladi\\DaScin & WebDev\\Hacktiv8\\Phase-3\\Final Project\\Server\\models\\user.js","statementMap":{"0":{"start":{"line":2,"column":18},"end":{"line":2,"column":38}},"1":{"start":{"line":3,"column":15},"end":{"line":3,"column":43}},"2":{"start":{"line":4,"column":0},"end":{"line":133,"column":2}},"3":{"start":{"line":13,"column":6},"end":{"line":13,"column":33}},"4":{"start":{"line":14,"column":6},"end":{"line":14,"column":36}},"5":{"start":{"line":15,"column":6},"end":{"line":15,"column":35}},"6":{"start":{"line":16,"column":6},"end":{"line":19,"column":9}},"7":{"start":{"line":20,"column":6},"end":{"line":23,"column":9}},"8":{"start":{"line":24,"column":6},"end":{"line":27,"column":9}},"9":{"start":{"line":30,"column":2},"end":{"line":131,"column":4}},"10":{"start":{"line":44,"column":12},"end":{"line":49,"column":15}},"11":{"start":{"line":45,"column":14},"end":{"line":48,"column":15}},"12":{"start":{"line":45,"column":25},"end":{"line":45,"column":32}},"13":{"start":{"line":47,"column":16},"end":{"line":47,"column":49}},"14":{"start":{"line":61,"column":34},"end":{"line":61,"column":39}},"15":{"start":{"line":62,"column":26},"end":{"line":62,"column":47}},"16":{"start":{"line":63,"column":12},"end":{"line":69,"column":15}},"17":{"start":{"line":64,"column":14},"end":{"line":68,"column":17}},"18":{"start":{"line":65,"column":16},"end":{"line":67,"column":17}},"19":{"start":{"line":66,"column":18},"end":{"line":66,"column":41}},"20":{"start":{"line":70,"column":12},"end":{"line":73,"column":13}},"21":{"start":{"line":70,"column":34},"end":{"line":70,"column":72}},"22":{"start":{"line":72,"column":14},"end":{"line":72,"column":21}},"23":{"start":{"line":125,"column":10},"end":{"line":125,"column":69}},"24":{"start":{"line":132,"column":2},"end":{"line":132,"column":14}}},"fnMap":{"0":{"name":"(anonymous_0)","decl":{"start":{"line":4,"column":17},"end":{"line":4,"column":18}},"loc":{"start":{"line":4,"column":43},"end":{"line":133,"column":1}},"line":4},"1":{"name":"(anonymous_1)","decl":{"start":{"line":11,"column":4},"end":{"line":11,"column":5}},"loc":{"start":{"line":11,"column":29},"end":{"line":28,"column":5}},"line":11},"2":{"name":"(anonymous_2)","decl":{"start":{"line":43,"column":10},"end":{"line":43,"column":11}},"loc":{"start":{"line":43,"column":37},"end":{"line":50,"column":11}},"line":43},"3":{"name":"(anonymous_3)","decl":{"start":{"line":44,"column":59},"end":{"line":44,"column":60}},"loc":{"start":{"line":44,"column":69},"end":{"line":49,"column":13}},"line":44},"4":{"name":"(anonymous_4)","decl":{"start":{"line":60,"column":10},"end":{"line":60,"column":11}},"loc":{"start":{"line":60,"column":34},"end":{"line":74,"column":11}},"line":60},"5":{"name":"(anonymous_5)","decl":{"start":{"line":63,"column":36},"end":{"line":63,"column":37}},"loc":{"start":{"line":63,"column":51},"end":{"line":69,"column":13}},"line":63},"6":{"name":"(anonymous_6)","decl":{"start":{"line":64,"column":30},"end":{"line":64,"column":31}},"loc":{"start":{"line":64,"column":46},"end":{"line":68,"column":15}},"line":64},"7":{"name":"(anonymous_7)","decl":{"start":{"line":124,"column":8},"end":{"line":124,"column":9}},"loc":{"start":{"line":124,"column":40},"end":{"line":126,"column":9}},"line":124}},"branchMap":{"0":{"loc":{"start":{"line":45,"column":14},"end":{"line":48,"column":15}},"type":"if","locations":[{"start":{"line":45,"column":14},"end":{"line":48,"column":15}},{"start":{"line":45,"column":14},"end":{"line":48,"column":15}}],"line":45},"1":{"loc":{"start":{"line":65,"column":16},"end":{"line":67,"column":17}},"type":"if","locations":[{"start":{"line":65,"column":16},"end":{"line":67,"column":17}},{"start":{"line":65,"column":16},"end":{"line":67,"column":17}}],"line":65},"2":{"loc":{"start":{"line":70,"column":12},"end":{"line":73,"column":13}},"type":"if","locations":[{"start":{"line":70,"column":12},"end":{"line":73,"column":13}},{"start":{"line":70,"column":12},"end":{"line":73,"column":13}}],"line":70}},"s":{"0":1,"1":1,"2":1,"3":1,"4":1,"5":1,"6":1,"7":1,"8":1,"9":1,"10":0,"11":0,"12":0,"13":0,"14":0,"15":0,"16":0,"17":0,"18":0,"19":0,"20":0,"21":0,"22":0,"23":0,"24":1},"f":{"0":1,"1":1,"2":0,"3":0,"4":0,"5":0,"6":0,"7":0},"b":{"0":[0,0],"1":[0,0],"2":[0,0]},"_coverageSchema":"1a1c01bbd47fc00a2c39e90264f33305004495a9","hash":"5dd0afdf10f5e6be7ae08d0a2071adc8489d7d07"}
,"D:\\Abraham\\File Prectatore Baladi\\DaScin & WebDev\\Hacktiv8\\Phase-3\\Final Project\\Server\\routes\\category.js": {"path":"D:\\Abraham\\File Prectatore Baladi\\DaScin & WebDev\\Hacktiv8\\Phase-3\\Final Project\\Server\\routes\\category.js","statementMap":{"0":{"start":{"line":1,"column":15},"end":{"line":1,"column":42}},"1":{"start":{"line":2,"column":19},"end":{"line":2,"column":63}},"2":{"start":{"line":4,"column":0},"end":{"line":4,"column":32}},"3":{"start":{"line":6,"column":0},"end":{"line":6,"column":23}}},"fnMap":{},"branchMap":{},"s":{"0":1,"1":1,"2":1,"3":1},"f":{},"b":{},"_coverageSchema":"1a1c01bbd47fc00a2c39e90264f33305004495a9","hash":"82eed9d26c1579140ede9e18fc3a245bb3babbe2"}
,"D:\\Abraham\\File Prectatore Baladi\\DaScin & WebDev\\Hacktiv8\\Phase-3\\Final Project\\Server\\routes\\comment.js": {"path":"D:\\Abraham\\File Prectatore Baladi\\DaScin & WebDev\\Hacktiv8\\Phase-3\\Final Project\\Server\\routes\\comment.js","statementMap":{"0":{"start":{"line":1,"column":15},"end":{"line":1,"column":42}},"1":{"start":{"line":2,"column":19},"end":{"line":2,"column":62}},"2":{"start":{"line":3,"column":19},"end":{"line":3,"column":55}},"3":{"start":{"line":5,"column":0},"end":{"line":5,"column":33}},"4":{"start":{"line":6,"column":0},"end":{"line":6,"column":33}},"5":{"start":{"line":7,"column":0},"end":{"line":7,"column":36}},"6":{"start":{"line":8,"column":0},"end":{"line":8,"column":40}},"7":{"start":{"line":9,"column":0},"end":{"line":9,"column":38}},"8":{"start":{"line":10,"column":0},"end":{"line":10,"column":41}},"9":{"start":{"line":12,"column":0},"end":{"line":12,"column":24}}},"fnMap":{},"branchMap":{},"s":{"0":1,"1":1,"2":1,"3":1,"4":1,"5":1,"6":1,"7":1,"8":1,"9":1},"f":{},"b":{},"_coverageSchema":"1a1c01bbd47fc00a2c39e90264f33305004495a9","hash":"512be7c0d7e03f0250f0269e10446c31e52bbbd1"}
,"D:\\Abraham\\File Prectatore Baladi\\DaScin & WebDev\\Hacktiv8\\Phase-3\\Final Project\\Server\\routes\\complexRouter.js": {"path":"D:\\Abraham\\File Prectatore Baladi\\DaScin & WebDev\\Hacktiv8\\Phase-3\\Final Project\\Server\\routes\\complexRouter.js","statementMap":{"0":{"start":{"line":1,"column":16},"end":{"line":1,"column":34}},"1":{"start":{"line":2,"column":15},"end":{"line":2,"column":31}},"2":{"start":{"line":3,"column":26},"end":{"line":3,"column":69}},"3":{"start":{"line":4,"column":19},"end":{"line":4,"column":55}},"4":{"start":{"line":6,"column":0},"end":{"line":6,"column":33}},"5":{"start":{"line":7,"column":0},"end":{"line":7,"column":39}},"6":{"start":{"line":8,"column":0},"end":{"line":8,"column":43}},"7":{"start":{"line":9,"column":0},"end":{"line":9,"column":45}},"8":{"start":{"line":10,"column":0},"end":{"line":10,"column":45}},"9":{"start":{"line":11,"column":0},"end":{"line":15,"column":2}},"10":{"start":{"line":17,"column":0},"end":{"line":17,"column":24}}},"fnMap":{},"branchMap":{},"s":{"0":1,"1":1,"2":1,"3":1,"4":1,"5":1,"6":1,"7":1,"8":1,"9":1,"10":1},"f":{},"b":{},"_coverageSchema":"1a1c01bbd47fc00a2c39e90264f33305004495a9","hash":"36710eda1af1c702ba6b2b8d8e7c5d76fcc4b0da"}
,"D:\\Abraham\\File Prectatore Baladi\\DaScin & WebDev\\Hacktiv8\\Phase-3\\Final Project\\Server\\routes\\developerRouter.js": {"path":"D:\\Abraham\\File Prectatore Baladi\\DaScin & WebDev\\Hacktiv8\\Phase-3\\Final Project\\Server\\routes\\developerRouter.js","statementMap":{"0":{"start":{"line":1,"column":16},"end":{"line":1,"column":34}},"1":{"start":{"line":2,"column":15},"end":{"line":2,"column":31}},"2":{"start":{"line":3,"column":28},"end":{"line":3,"column":73}},"3":{"start":{"line":4,"column":19},"end":{"line":4,"column":55}},"4":{"start":{"line":6,"column":0},"end":{"line":6,"column":33}},"5":{"start":{"line":7,"column":0},"end":{"line":7,"column":41}},"6":{"start":{"line":8,"column":0},"end":{"line":8,"column":45}},"7":{"start":{"line":9,"column":0},"end":{"line":9,"column":47}},"8":{"start":{"line":10,"column":0},"end":{"line":10,"column":47}},"9":{"start":{"line":11,"column":0},"end":{"line":15,"column":2}},"10":{"start":{"line":17,"column":0},"end":{"line":17,"column":24}}},"fnMap":{},"branchMap":{},"s":{"0":1,"1":1,"2":1,"3":1,"4":1,"5":1,"6":1,"7":1,"8":1,"9":1,"10":1},"f":{},"b":{},"_coverageSchema":"1a1c01bbd47fc00a2c39e90264f33305004495a9","hash":"3fa51ab1e7f7120547e057f838a8790bc0ec68a3"}
,"D:\\Abraham\\File Prectatore Baladi\\DaScin & WebDev\\Hacktiv8\\Phase-3\\Final Project\\Server\\routes\\event.js": {"path":"D:\\Abraham\\File Prectatore Baladi\\DaScin & WebDev\\Hacktiv8\\Phase-3\\Final Project\\Server\\routes\\event.js","statementMap":{"0":{"start":{"line":1,"column":15},"end":{"line":1,"column":42}},"1":{"start":{"line":2,"column":19},"end":{"line":2,"column":60}},"2":{"start":{"line":3,"column":19},"end":{"line":3,"column":55}},"3":{"start":{"line":5,"column":0},"end":{"line":5,"column":32}},"4":{"start":{"line":6,"column":0},"end":{"line":6,"column":32}},"5":{"start":{"line":7,"column":0},"end":{"line":7,"column":35}},"6":{"start":{"line":8,"column":0},"end":{"line":8,"column":39}},"7":{"start":{"line":9,"column":0},"end":{"line":9,"column":37}},"8":{"start":{"line":10,"column":0},"end":{"line":10,"column":40}},"9":{"start":{"line":12,"column":0},"end":{"line":12,"column":23}}},"fnMap":{},"branchMap":{},"s":{"0":1,"1":1,"2":1,"3":1,"4":1,"5":1,"6":1,"7":1,"8":1,"9":1},"f":{},"b":{},"_coverageSchema":"1a1c01bbd47fc00a2c39e90264f33305004495a9","hash":"0049a8832ad32efe093853c352e95262bfd1851f"}
,"D:\\Abraham\\File Prectatore Baladi\\DaScin & WebDev\\Hacktiv8\\Phase-3\\Final Project\\Server\\routes\\fee.js": {"path":"D:\\Abraham\\File Prectatore Baladi\\DaScin & WebDev\\Hacktiv8\\Phase-3\\Final Project\\Server\\routes\\fee.js","statementMap":{"0":{"start":{"line":1,"column":15},"end":{"line":1,"column":42}},"1":{"start":{"line":2,"column":19},"end":{"line":2,"column":58}},"2":{"start":{"line":3,"column":19},"end":{"line":3,"column":55}},"3":{"start":{"line":5,"column":0},"end":{"line":5,"column":33}},"4":{"start":{"line":6,"column":0},"end":{"line":6,"column":33}},"5":{"start":{"line":7,"column":0},"end":{"line":7,"column":36}},"6":{"start":{"line":8,"column":0},"end":{"line":8,"column":40}},"7":{"start":{"line":9,"column":0},"end":{"line":9,"column":38}},"8":{"start":{"line":10,"column":0},"end":{"line":10,"column":41}},"9":{"start":{"line":12,"column":0},"end":{"line":12,"column":24}}},"fnMap":{},"branchMap":{},"s":{"0":1,"1":1,"2":1,"3":1,"4":1,"5":1,"6":1,"7":1,"8":1,"9":1},"f":{},"b":{},"_coverageSchema":"1a1c01bbd47fc00a2c39e90264f33305004495a9","hash":"8272b9d8774c651af7103e4c39948d482fc901f2"}
,"D:\\Abraham\\File Prectatore Baladi\\DaScin & WebDev\\Hacktiv8\\Phase-3\\Final Project\\Server\\routes\\image.js": {"path":"D:\\Abraham\\File Prectatore Baladi\\DaScin & WebDev\\Hacktiv8\\Phase-3\\Final Project\\Server\\routes\\image.js","statementMap":{"0":{"start":{"line":1,"column":15},"end":{"line":1,"column":42}},"1":{"start":{"line":2,"column":15},"end":{"line":2,"column":47}},"2":{"start":{"line":3,"column":19},"end":{"line":3,"column":60}},"3":{"start":{"line":5,"column":0},"end":{"line":5,"column":58}},"4":{"start":{"line":7,"column":0},"end":{"line":7,"column":23}}},"fnMap":{},"branchMap":{},"s":{"0":1,"1":1,"2":1,"3":1,"4":1},"f":{},"b":{},"_coverageSchema":"1a1c01bbd47fc00a2c39e90264f33305004495a9","hash":"33757fd3b7c8fa1fa1d412a99501ddf81c4626df"}
,"D:\\Abraham\\File Prectatore Baladi\\DaScin & WebDev\\Hacktiv8\\Phase-3\\Final Project\\Server\\routes\\index.js": {"path":"D:\\Abraham\\File Prectatore Baladi\\DaScin & WebDev\\Hacktiv8\\Phase-3\\Final Project\\Server\\routes\\index.js","statementMap":{"0":{"start":{"line":1,"column":15},"end":{"line":1,"column":42}},"1":{"start":{"line":2,"column":17},"end":{"line":2,"column":38}},"2":{"start":{"line":3,"column":14},"end":{"line":3,"column":32}},"3":{"start":{"line":4,"column":12},"end":{"line":4,"column":28}},"4":{"start":{"line":5,"column":17},"end":{"line":5,"column":38}},"5":{"start":{"line":6,"column":16},"end":{"line":6,"column":36}},"6":{"start":{"line":7,"column":14},"end":{"line":7,"column":32}},"7":{"start":{"line":8,"column":19},"end":{"line":8,"column":45}},"8":{"start":{"line":9,"column":24},"end":{"line":9,"column":55}},"9":{"start":{"line":10,"column":19},"end":{"line":10,"column":45}},"10":{"start":{"line":11,"column":25},"end":{"line":11,"column":57}},"11":{"start":{"line":12,"column":22},"end":{"line":12,"column":51}},"12":{"start":{"line":14,"column":0},"end":{"line":14,"column":33}},"13":{"start":{"line":15,"column":0},"end":{"line":15,"column":27}},"14":{"start":{"line":16,"column":0},"end":{"line":16,"column":23}},"15":{"start":{"line":17,"column":0},"end":{"line":17,"column":33}},"16":{"start":{"line":18,"column":0},"end":{"line":18,"column":31}},"17":{"start":{"line":19,"column":0},"end":{"line":19,"column":28}},"18":{"start":{"line":20,"column":0},"end":{"line":20,"column":33}},"19":{"start":{"line":21,"column":0},"end":{"line":21,"column":43}},"20":{"start":{"line":22,"column":0},"end":{"line":22,"column":33}},"21":{"start":{"line":23,"column":0},"end":{"line":23,"column":46}},"22":{"start":{"line":24,"column":0},"end":{"line":24,"column":40}},"23":{"start":{"line":26,"column":0},"end":{"line":26,"column":24}}},"fnMap":{},"branchMap":{},"s":{"0":1,"1":1,"2":1,"3":1,"4":1,"5":1,"6":1,"7":1,"8":1,"9":1,"10":1,"11":1,"12":1,"13":1,"14":1,"15":1,"16":1,"17":1,"18":1,"19":1,"20":1,"21":1,"22":1,"23":1},"f":{},"b":{},"_coverageSchema":"1a1c01bbd47fc00a2c39e90264f33305004495a9","hash":"b33c97c4ac241c873183b8a89a22652888a13348"}
,"D:\\Abraham\\File Prectatore Baladi\\DaScin & WebDev\\Hacktiv8\\Phase-3\\Final Project\\Server\\routes\\realEstateRouter.js": {"path":"D:\\Abraham\\File Prectatore Baladi\\DaScin & WebDev\\Hacktiv8\\Phase-3\\Final Project\\Server\\routes\\realEstateRouter.js","statementMap":{"0":{"start":{"line":1,"column":16},"end":{"line":1,"column":34}},"1":{"start":{"line":2,"column":15},"end":{"line":2,"column":31}},"2":{"start":{"line":3,"column":29},"end":{"line":3,"column":75}},"3":{"start":{"line":4,"column":19},"end":{"line":4,"column":55}},"4":{"start":{"line":6,"column":0},"end":{"line":6,"column":33}},"5":{"start":{"line":7,"column":0},"end":{"line":7,"column":42}},"6":{"start":{"line":8,"column":0},"end":{"line":8,"column":46}},"7":{"start":{"line":9,"column":0},"end":{"line":9,"column":48}},"8":{"start":{"line":10,"column":0},"end":{"line":10,"column":48}},"9":{"start":{"line":11,"column":0},"end":{"line":15,"column":2}},"10":{"start":{"line":17,"column":0},"end":{"line":17,"column":24}}},"fnMap":{},"branchMap":{},"s":{"0":1,"1":1,"2":1,"3":1,"4":1,"5":1,"6":1,"7":1,"8":1,"9":1,"10":1},"f":{},"b":{},"_coverageSchema":"1a1c01bbd47fc00a2c39e90264f33305004495a9","hash":"183b191ecc1d0ff90b4c900b6ad6c1bf479009ae"}
,"D:\\Abraham\\File Prectatore Baladi\\DaScin & WebDev\\Hacktiv8\\Phase-3\\Final Project\\Server\\routes\\roleRouter.js": {"path":"D:\\Abraham\\File Prectatore Baladi\\DaScin & WebDev\\Hacktiv8\\Phase-3\\Final Project\\Server\\routes\\roleRouter.js","statementMap":{"0":{"start":{"line":1,"column":16},"end":{"line":1,"column":34}},"1":{"start":{"line":2,"column":15},"end":{"line":2,"column":31}},"2":{"start":{"line":3,"column":23},"end":{"line":3,"column":63}},"3":{"start":{"line":4,"column":19},"end":{"line":4,"column":55}},"4":{"start":{"line":6,"column":0},"end":{"line":6,"column":33}},"5":{"start":{"line":7,"column":0},"end":{"line":7,"column":36}},"6":{"start":{"line":8,"column":0},"end":{"line":8,"column":40}},"7":{"start":{"line":9,"column":0},"end":{"line":9,"column":42}},"8":{"start":{"line":10,"column":0},"end":{"line":10,"column":42}},"9":{"start":{"line":11,"column":0},"end":{"line":11,"column":45}},"10":{"start":{"line":13,"column":0},"end":{"line":13,"column":24}}},"fnMap":{},"branchMap":{},"s":{"0":1,"1":1,"2":1,"3":1,"4":1,"5":1,"6":1,"7":1,"8":1,"9":1,"10":1},"f":{},"b":{},"_coverageSchema":"1a1c01bbd47fc00a2c39e90264f33305004495a9","hash":"9640ee8a9f610e975b5816da547a69d537223539"}
,"D:\\Abraham\\File Prectatore Baladi\\DaScin & WebDev\\Hacktiv8\\Phase-3\\Final Project\\Server\\routes\\timeline.js": {"path":"D:\\Abraham\\File Prectatore Baladi\\DaScin & WebDev\\Hacktiv8\\Phase-3\\Final Project\\Server\\routes\\timeline.js","statementMap":{"0":{"start":{"line":1,"column":15},"end":{"line":1,"column":42}},"1":{"start":{"line":2,"column":19},"end":{"line":2,"column":63}},"2":{"start":{"line":3,"column":19},"end":{"line":3,"column":55}},"3":{"start":{"line":5,"column":0},"end":{"line":5,"column":32}},"4":{"start":{"line":6,"column":0},"end":{"line":6,"column":32}},"5":{"start":{"line":7,"column":0},"end":{"line":7,"column":35}},"6":{"start":{"line":8,"column":0},"end":{"line":8,"column":39}},"7":{"start":{"line":9,"column":0},"end":{"line":9,"column":37}},"8":{"start":{"line":10,"column":0},"end":{"line":10,"column":40}},"9":{"start":{"line":12,"column":0},"end":{"line":12,"column":23}}},"fnMap":{},"branchMap":{},"s":{"0":1,"1":1,"2":1,"3":1,"4":1,"5":1,"6":1,"7":1,"8":1,"9":1},"f":{},"b":{},"_coverageSchema":"1a1c01bbd47fc00a2c39e90264f33305004495a9","hash":"2dfb874fc3c610b15958c4835c07db4f44b16fae"}
,"D:\\Abraham\\File Prectatore Baladi\\DaScin & WebDev\\Hacktiv8\\Phase-3\\Final Project\\Server\\routes\\userRouter.js": {"path":"D:\\Abraham\\File Prectatore Baladi\\DaScin & WebDev\\Hacktiv8\\Phase-3\\Final Project\\Server\\routes\\userRouter.js","statementMap":{"0":{"start":{"line":1,"column":16},"end":{"line":1,"column":34}},"1":{"start":{"line":2,"column":15},"end":{"line":2,"column":31}},"2":{"start":{"line":3,"column":23},"end":{"line":3,"column":63}},"3":{"start":{"line":4,"column":19},"end":{"line":4,"column":55}},"4":{"start":{"line":6,"column":0},"end":{"line":6,"column":36}},"5":{"start":{"line":7,"column":0},"end":{"line":7,"column":42}},"6":{"start":{"line":8,"column":0},"end":{"line":8,"column":51}},"7":{"start":{"line":9,"column":0},"end":{"line":9,"column":57}},"8":{"start":{"line":10,"column":0},"end":{"line":14,"column":2}},"9":{"start":{"line":15,"column":0},"end":{"line":19,"column":2}},"10":{"start":{"line":20,"column":0},"end":{"line":20,"column":65}},"11":{"start":{"line":21,"column":0},"end":{"line":21,"column":42}},"12":{"start":{"line":22,"column":0},"end":{"line":26,"column":2}},"13":{"start":{"line":28,"column":0},"end":{"line":28,"column":24}}},"fnMap":{},"branchMap":{},"s":{"0":1,"1":1,"2":1,"3":1,"4":1,"5":1,"6":1,"7":1,"8":1,"9":1,"10":1,"11":1,"12":1,"13":1},"f":{},"b":{},"_coverageSchema":"1a1c01bbd47fc00a2c39e90264f33305004495a9","hash":"bf3cec351cd86df4a456d1f354d07c9213be0d82"}
}
