TN:
SF:app.js
FNF:0
FNH:0
DA:1,10
DA:2,10
DA:4,10
DA:5,10
DA:6,10
DA:7,10
DA:8,10
DA:9,10
DA:11,10
DA:12,10
DA:13,10
DA:15,10
DA:16,10
DA:22,10
LF:14
LH:14
BRDA:1,0,0,10
BRDA:1,0,1,0
BRDA:5,1,0,10
BRDA:5,1,1,0
BRF:4
BRH:2
end_of_record
TN:
SF:controllers\CategoryController.js
FN:4,(anonymous_0)
FNF:1
FNH:1
FNDA:1,(anonymous_0)
DA:1,10
DA:5,1
DA:6,1
DA:9,1
DA:10,0
DA:12,1
DA:14,0
DA:19,10
LF:8
LH:6
BRDA:9,0,0,0
BRDA:9,0,1,1
BRF:2
BRH:1
end_of_record
TN:
SF:controllers\CommentController.js
FN:4,(anonymous_0)
FN:15,(anonymous_1)
FN:28,(anonymous_2)
FN:38,(anonymous_3)
FN:57,(anonymous_4)
FNF:5
FNH:5
FNDA:1,(anonymous_0)
FNDA:2,(anonymous_1)
FNDA:3,(anonymous_2)
FNDA:3,(anonymous_3)
FNDA:2,(anonymous_4)
DA:1,10
DA:5,1
DA:6,1
DA:9,1
DA:11,0
DA:16,2
DA:17,2
DA:18,2
DA:19,2
DA:20,1
DA:22,1
DA:24,1
DA:29,3
DA:30,3
DA:31,3
DA:32,1
DA:34,2
DA:39,3
DA:40,3
DA:41,3
DA:42,3
DA:48,2
DA:49,1
DA:51,1
DA:53,2
DA:58,2
DA:59,2
DA:60,2
DA:65,2
DA:66,1
DA:68,1
DA:70,1
DA:75,10
LF:33
LH:32
BRDA:19,0,0,1
BRDA:19,0,1,1
BRDA:48,1,0,1
BRDA:48,1,1,1
BRDA:65,2,0,1
BRDA:65,2,1,1
BRF:6
BRH:6
end_of_record
TN:
SF:controllers\ComplexController.js
FN:4,(anonymous_0)
FN:16,(anonymous_1)
FN:30,(anonymous_2)
FN:47,(anonymous_3)
FN:68,(anonymous_4)
FNF:5
FNH:5
FNDA:1,(anonymous_0)
FNDA:2,(anonymous_1)
FNDA:2,(anonymous_2)
FNDA:4,(anonymous_3)
FNDA:1,(anonymous_4)
DA:1,10
DA:5,1
DA:6,1
DA:10,1
DA:12,0
DA:17,2
DA:18,2
DA:19,2
DA:24,1
DA:26,1
DA:31,2
DA:33,2
DA:34,2
DA:40,2
DA:41,1
DA:43,1
DA:48,4
DA:49,4
DA:51,4
DA:52,4
DA:60,3
DA:61,1
DA:62,2
DA:64,2
DA:69,1
DA:71,1
DA:72,1
DA:75,1
DA:77,0
DA:82,10
LF:30
LH:28
BRDA:40,0,0,1
BRDA:40,0,1,1
BRDA:60,1,0,1
BRDA:60,1,1,2
BRF:4
BRH:4
end_of_record
TN:
SF:controllers\DeveloperController.js
FN:4,(anonymous_0)
FN:16,(anonymous_1)
FN:33,(anonymous_2)
FN:51,(anonymous_3)
FN:72,(anonymous_4)
FNF:5
FNH:5
FNDA:1,(anonymous_0)
FNDA:5,(anonymous_1)
FNDA:2,(anonymous_2)
FNDA:5,(anonymous_3)
FNDA:1,(anonymous_4)
DA:1,10
DA:5,1
DA:6,1
DA:10,1
DA:12,0
DA:17,5
DA:18,5
DA:19,5
DA:20,5
DA:27,1
DA:29,4
DA:34,2
DA:36,2
DA:37,2
DA:43,2
DA:45,1
DA:47,1
DA:52,5
DA:53,5
DA:55,5
DA:56,5
DA:64,3
DA:65,1
DA:66,2
DA:68,3
DA:73,1
DA:75,1
DA:76,1
DA:79,1
DA:81,0
DA:86,10
LF:31
LH:29
BRDA:43,0,0,1
BRDA:43,0,1,1
BRDA:64,1,0,1
BRDA:64,1,1,2
BRF:4
BRH:4
end_of_record
TN:
SF:controllers\EventController.js
FN:4,(anonymous_0)
FN:15,(anonymous_1)
FN:28,(anonymous_2)
FN:38,(anonymous_3)
FN:57,(anonymous_4)
FNF:5
FNH:5
FNDA:1,(anonymous_0)
FNDA:2,(anonymous_1)
FNDA:6,(anonymous_2)
FNDA:3,(anonymous_3)
FNDA:2,(anonymous_4)
DA:1,10
DA:5,1
DA:6,1
DA:9,1
DA:11,0
DA:16,2
DA:17,2
DA:18,2
DA:19,2
DA:20,1
DA:22,1
DA:24,1
DA:29,6
DA:30,6
DA:31,6
DA:32,1
DA:34,5
DA:39,3
DA:40,3
DA:41,3
DA:42,3
DA:48,2
DA:49,1
DA:51,1
DA:53,2
DA:58,2
DA:59,2
DA:60,2
DA:65,2
DA:66,1
DA:68,1
DA:70,1
DA:75,10
LF:33
LH:32
BRDA:19,0,0,1
BRDA:19,0,1,1
BRDA:48,1,0,1
BRDA:48,1,1,1
BRDA:65,2,0,1
BRDA:65,2,1,1
BRF:6
BRH:6
end_of_record
TN:
SF:controllers\FeeController.js
FN:4,(anonymous_0)
FN:15,(anonymous_1)
FN:28,(anonymous_2)
FN:38,(anonymous_3)
FN:57,(anonymous_4)
FNF:5
FNH:5
FNDA:1,(anonymous_0)
FNDA:2,(anonymous_1)
FNDA:6,(anonymous_2)
FNDA:3,(anonymous_3)
FNDA:2,(anonymous_4)
DA:1,10
DA:5,1
DA:6,1
DA:9,1
DA:11,0
DA:16,2
DA:17,2
DA:18,2
DA:19,2
DA:20,1
DA:22,1
DA:24,1
DA:29,6
DA:30,6
DA:31,6
DA:32,1
DA:34,5
DA:39,3
DA:40,3
DA:41,3
DA:42,3
DA:48,2
DA:49,1
DA:51,1
DA:53,2
DA:58,2
DA:59,2
DA:60,2
DA:65,2
DA:66,1
DA:68,1
DA:70,1
DA:75,10
LF:33
LH:32
BRDA:19,0,0,1
BRDA:19,0,1,1
BRDA:48,1,0,1
BRDA:48,1,1,1
BRDA:65,2,0,1
BRDA:65,2,1,1
BRF:6
BRH:6
end_of_record
TN:
SF:controllers\ImageController.js
FN:2,(anonymous_0)
FNF:1
FNH:0
FNDA:0,(anonymous_0)
DA:3,0
DA:7,10
LF:2
LH:1
BRF:0
BRH:0
end_of_record
TN:
SF:controllers\RealEstateController.js
FN:4,(anonymous_0)
FN:16,(anonymous_1)
FN:32,(anonymous_2)
FN:49,(anonymous_3)
FN:70,(anonymous_4)
FNF:5
FNH:5
FNDA:1,(anonymous_0)
FNDA:3,(anonymous_1)
FNDA:2,(anonymous_2)
FNDA:5,(anonymous_3)
FNDA:1,(anonymous_4)
DA:1,10
DA:5,1
DA:6,1
DA:10,1
DA:12,0
DA:17,3
DA:18,3
DA:19,3
DA:26,1
DA:28,2
DA:33,2
DA:35,2
DA:36,2
DA:42,2
DA:43,1
DA:45,1
DA:50,5
DA:51,5
DA:53,5
DA:54,5
DA:62,3
DA:63,1
DA:64,2
DA:66,3
DA:71,1
DA:72,1
DA:73,1
DA:76,1
DA:78,0
DA:83,10
LF:30
LH:28
BRDA:42,0,0,1
BRDA:42,0,1,1
BRDA:62,1,0,1
BRDA:62,1,1,2
BRF:4
BRH:4
end_of_record
TN:
SF:controllers\RoleController.js
FN:4,(anonymous_0)
FN:13,(anonymous_1)
FN:25,(anonymous_2)
FN:40,(anonymous_3)
FN:60,(anonymous_4)
FNF:5
FNH:5
FNDA:1,(anonymous_0)
FNDA:2,(anonymous_1)
FNDA:2,(anonymous_2)
FNDA:4,(anonymous_3)
FNDA:2,(anonymous_4)
DA:1,10
DA:5,1
DA:6,1
DA:7,1
DA:9,0
DA:14,2
DA:15,2
DA:16,2
DA:19,1
DA:21,1
DA:26,2
DA:27,2
DA:28,2
DA:33,2
DA:34,1
DA:36,1
DA:41,4
DA:42,4
DA:44,4
DA:45,4
DA:53,3
DA:54,2
DA:56,2
DA:61,2
DA:63,2
DA:64,2
DA:65,2
DA:66,1
DA:68,1
DA:73,10
LF:30
LH:29
BRDA:33,0,0,1
BRDA:33,0,1,1
BRDA:53,1,0,1
BRDA:53,1,1,2
BRDA:65,2,0,1
BRDA:65,2,1,1
BRF:6
BRH:6
end_of_record
TN:
SF:controllers\TimelineController.js
FN:5,(anonymous_0)
FN:29,(anonymous_1)
FN:42,(anonymous_2)
FN:52,(anonymous_3)
FN:71,(anonymous_4)
FNF:5
FNH:5
FNDA:1,(anonymous_0)
FNDA:2,(anonymous_1)
FNDA:4,(anonymous_2)
FNDA:3,(anonymous_3)
FNDA:2,(anonymous_4)
DA:1,10
DA:2,10
DA:6,1
DA:7,1
DA:21,1
DA:22,1
DA:23,1
DA:25,0
DA:30,2
DA:31,2
DA:32,2
DA:33,2
DA:34,1
DA:36,1
DA:38,1
DA:43,4
DA:44,4
DA:45,4
DA:46,1
DA:48,3
DA:53,3
DA:54,3
DA:55,3
DA:56,3
DA:62,2
DA:63,1
DA:65,1
DA:67,2
DA:72,2
DA:73,2
DA:74,2
DA:79,2
DA:80,1
DA:82,1
DA:84,1
DA:89,10
LF:36
LH:35
BRDA:33,0,0,1
BRDA:33,0,1,1
BRDA:62,1,0,1
BRDA:62,1,1,1
BRDA:79,2,0,1
BRDA:79,2,1,1
BRF:6
BRH:6
end_of_record
TN:
SF:controllers\UserController.js
FN:5,(anonymous_0)
FN:27,(anonymous_1)
FN:56,(anonymous_2)
FN:100,(anonymous_3)
FN:126,(anonymous_4)
FN:138,(anonymous_5)
FN:155,(anonymous_6)
FN:178,(anonymous_7)
FN:197,(anonymous_8)
FNF:9
FNH:9
FNDA:7,(anonymous_0)
FNDA:9,(anonymous_1)
FNDA:10,(anonymous_2)
FNDA:10,(anonymous_3)
FNDA:1,(anonymous_4)
FNDA:2,(anonymous_5)
FNDA:3,(anonymous_6)
FNDA:7,(anonymous_7)
FNDA:2,(anonymous_8)
DA:1,10
DA:2,10
DA:6,7
DA:7,7
DA:8,7
DA:9,6
DA:12,6
DA:17,1
DA:23,1
DA:28,9
DA:29,9
DA:30,9
DA:36,9
DA:37,8
DA:38,1
DA:40,7
DA:46,7
DA:52,2
DA:65,10
DA:66,10
DA:67,10
DA:68,10
DA:78,1
DA:86,1
DA:94,1
DA:96,9
DA:108,10
DA:109,10
DA:110,10
DA:111,10
DA:120,1
DA:122,9
DA:127,1
DA:128,1
DA:132,1
DA:134,0
DA:139,2
DA:141,2
DA:142,2
DA:148,2
DA:149,1
DA:151,1
DA:156,3
DA:157,3
DA:159,3
DA:160,3
DA:162,2
DA:170,2
DA:171,1
DA:174,2
DA:179,7
DA:180,7
DA:181,7
DA:182,7
DA:190,3
DA:191,2
DA:193,5
DA:198,2
DA:200,2
DA:201,2
DA:202,2
DA:203,2
DA:205,0
DA:210,10
LF:64
LH:62
BRDA:8,0,0,6
BRDA:8,0,1,1
BRDA:8,1,0,7
BRDA:8,1,1,6
BRDA:36,2,0,1
BRDA:36,2,1,8
BRDA:37,3,0,1
BRDA:37,3,1,7
BRDA:148,4,0,1
BRDA:148,4,1,1
BRDA:160,5,0,1
BRDA:160,5,1,2
BRDA:170,6,0,1
BRDA:170,6,1,1
BRDA:190,7,0,1
BRDA:190,7,1,2
BRDA:202,8,0,0
BRDA:202,8,1,2
BRF:18
BRH:17
end_of_record
TN:
SF:helpers\helper.js
FN:5,(anonymous_0)
FN:11,(anonymous_1)
FN:15,(anonymous_2)
FN:20,(anonymous_3)
FN:25,(anonymous_4)
FN:30,(anonymous_5)
FN:52,toRad
FNF:7
FNH:7
FNDA:4,(anonymous_0)
FNDA:8,(anonymous_1)
FNDA:13,(anonymous_2)
FNDA:128,(anonymous_3)
FNDA:1,(anonymous_4)
FNDA:3,(anonymous_5)
FNDA:12,toRad
DA:1,10
DA:2,10
DA:6,4
DA:7,4
DA:8,4
DA:12,8
DA:16,13
DA:17,13
DA:21,128
DA:22,128
DA:26,1
DA:30,1
DA:31,3
DA:32,1
DA:34,3
DA:35,3
DA:36,3
DA:37,3
DA:38,3
DA:39,3
DA:42,3
DA:44,3
DA:45,3
DA:47,3
DA:48,3
DA:53,12
DA:56,1
DA:60,10
LF:28
LH:28
BRDA:31,0,0,1
BRDA:31,0,1,2
BRDA:47,1,0,3
BRDA:47,1,1,0
BRF:4
BRH:3
end_of_record
TN:
SF:middlewares\middleware.js
FN:12,(anonymous_0)
FN:30,(anonymous_1)
FN:54,(anonymous_2)
FN:78,(anonymous_3)
FN:90,(anonymous_4)
FN:114,(anonymous_5)
FN:138,(anonymous_6)
FN:160,(anonymous_7)
FN:193,(anonymous_8)
FN:203,(anonymous_9)
FNF:10
FNH:9
FNDA:83,(anonymous_0)
FNDA:19,(anonymous_1)
FNDA:51,(anonymous_2)
FNDA:0,(anonymous_3)
FNDA:2,(anonymous_4)
FNDA:2,(anonymous_5)
FNDA:2,(anonymous_6)
FNDA:3,(anonymous_7)
FNDA:116,(anonymous_8)
FNDA:62,(anonymous_9)
DA:1,10
DA:9,10
DA:13,83
DA:14,83
DA:15,83
DA:17,62
DA:18,62
DA:19,2
DA:21,60
DA:22,60
DA:26,23
DA:31,19
DA:32,19
DA:33,19
DA:35,15
DA:36,15
DA:41,15
DA:42,14
DA:43,1
DA:45,13
DA:46,13
DA:50,6
DA:55,51
DA:56,51
DA:57,51
DA:59,51
DA:60,51
DA:65,51
DA:66,51
DA:67,0
DA:69,51
DA:70,51
DA:74,0
DA:79,0
DA:80,0
DA:81,0
DA:82,0
DA:83,0
DA:84,0
DA:86,0
DA:91,2
DA:92,2
DA:93,2
DA:99,2
DA:100,1
DA:101,0
DA:107,1
DA:110,1
DA:115,2
DA:116,2
DA:117,2
DA:123,2
DA:124,1
DA:125,0
DA:131,1
DA:134,1
DA:139,2
DA:140,2
DA:141,2
DA:147,2
DA:148,1
DA:149,0
DA:154,1
DA:157,1
DA:161,3
DA:162,3
DA:163,3
DA:169,3
DA:170,2
DA:171,1
DA:172,1
DA:177,1
DA:179,0
DA:186,0
DA:189,1
DA:194,116
DA:195,116
DA:196,116
DA:198,116
DA:202,55
DA:203,62
DA:204,61
DA:205,0
DA:206,0
DA:207,61
DA:208,0
DA:209,0
DA:210,61
DA:211,0
DA:212,0
DA:213,61
DA:214,0
DA:215,0
DA:217,116
DA:221,10
LF:95
LH:73
BRDA:15,0,0,21
BRDA:15,0,1,62
BRDA:18,1,0,2
BRDA:18,1,1,60
BRDA:33,2,0,4
BRDA:33,2,1,15
BRDA:41,3,0,1
BRDA:41,3,1,14
BRDA:42,4,0,1
BRDA:42,4,1,13
BRDA:57,5,0,0
BRDA:57,5,1,51
BRDA:65,6,0,0
BRDA:65,6,1,51
BRDA:66,7,0,0
BRDA:66,7,1,51
BRDA:82,8,0,0
BRDA:82,8,1,0
BRDA:83,9,0,0
BRDA:83,9,1,0
BRDA:99,10,0,1
BRDA:99,10,1,1
BRDA:100,11,0,0
BRDA:100,11,1,1
BRDA:123,12,0,1
BRDA:123,12,1,1
BRDA:124,13,0,0
BRDA:124,13,1,1
BRDA:147,14,0,1
BRDA:147,14,1,1
BRDA:148,15,0,0
BRDA:148,15,1,1
BRDA:169,16,0,1
BRDA:169,16,1,2
BRDA:170,17,0,1
BRDA:170,17,1,1
BRDA:171,18,0,1
BRDA:171,18,1,0
BRDA:177,19,0,1
BRDA:177,19,1,0
BRDA:195,20,0,116
BRDA:195,20,1,55
BRDA:196,21,0,116
BRDA:196,21,1,55
BRDA:198,22,0,55
BRDA:198,22,1,61
BRDA:199,23,0,116
BRDA:199,23,1,61
BRDA:204,24,0,0
BRDA:204,24,1,61
BRDA:207,25,0,0
BRDA:207,25,1,61
BRDA:210,26,0,0
BRDA:210,26,1,61
BRDA:213,27,0,0
BRDA:213,27,1,61
BRF:56
BRH:40
end_of_record
TN:
SF:middlewares\upload.js
FN:8,(anonymous_0)
FNF:1
FNH:0
FNDA:0,(anonymous_0)
DA:1,10
DA:3,10
DA:9,0
DA:13,10
DA:17,10
LF:5
LH:4
BRF:0
BRH:0
end_of_record
TN:
SF:models\category.js
FN:5,(anonymous_0)
FN:12,(anonymous_1)
FNF:2
FNH:2
FNDA:10,(anonymous_0)
FNDA:10,(anonymous_1)
DA:4,10
DA:5,10
DA:14,10
DA:17,10
DA:24,10
LF:5
LH:5
BRF:0
BRH:0
end_of_record
TN:
SF:models\comment.js
FN:3,(anonymous_0)
FN:10,(anonymous_1)
FNF:2
FNH:2
FNDA:10,(anonymous_0)
FNDA:10,(anonymous_1)
DA:2,10
DA:3,10
DA:12,10
DA:13,10
DA:16,10
DA:41,10
LF:6
LH:6
BRF:0
BRH:0
end_of_record
TN:
SF:models\complex.js
FN:3,(anonymous_0)
FN:10,(anonymous_1)
FNF:2
FNH:2
FNDA:10,(anonymous_0)
FNDA:10,(anonymous_1)
DA:2,10
DA:3,10
DA:12,10
DA:13,10
DA:14,10
DA:20,10
DA:42,10
LF:7
LH:7
BRF:0
BRH:0
end_of_record
TN:
SF:models\developer.js
FN:3,(anonymous_0)
FN:10,(anonymous_1)
FN:41,(anonymous_2)
FN:42,(anonymous_3)
FNF:4
FNH:4
FNDA:10,(anonymous_0)
FNDA:10,(anonymous_1)
FNDA:8,(anonymous_2)
FNDA:8,(anonymous_3)
DA:2,10
DA:3,10
DA:12,10
DA:13,10
DA:19,10
DA:42,8
DA:43,8
DA:45,1
DA:71,10
LF:9
LH:9
BRDA:43,0,0,7
BRDA:43,0,1,1
BRF:2
BRH:2
end_of_record
TN:
SF:models\event.js
FN:5,(anonymous_0)
FN:12,(anonymous_1)
FN:52,(anonymous_2)
FNF:3
FNH:3
FNDA:10,(anonymous_0)
FNDA:10,(anonymous_1)
FNDA:9,(anonymous_2)
DA:4,10
DA:5,10
DA:14,10
DA:15,10
DA:16,10
DA:19,10
DA:53,9
DA:54,9
DA:55,9
DA:56,8
DA:57,1
DA:95,10
LF:12
LH:12
BRDA:55,0,0,8
BRDA:55,0,1,1
BRDA:56,1,0,1
BRDA:56,1,1,7
BRDA:56,2,0,8
BRDA:56,2,1,8
BRF:6
BRH:6
end_of_record
TN:
SF:models\fee.js
FN:5,(anonymous_0)
FN:12,(anonymous_1)
FN:47,(anonymous_2)
FNF:3
FNH:3
FNDA:10,(anonymous_0)
FNDA:10,(anonymous_1)
FNDA:9,(anonymous_2)
DA:4,10
DA:5,10
DA:14,10
DA:15,10
DA:18,10
DA:48,9
DA:49,9
DA:50,9
DA:51,8
DA:52,1
DA:86,10
LF:11
LH:11
BRDA:50,0,0,8
BRDA:50,0,1,1
BRDA:51,1,0,1
BRDA:51,1,1,7
BRDA:51,2,0,8
BRDA:51,2,1,8
BRF:6
BRH:6
end_of_record
TN:
SF:models\index.js
FN:20,(anonymous_0)
FN:23,(anonymous_1)
FN:28,(anonymous_2)
FNF:3
FNH:3
FNDA:110,(anonymous_0)
FNDA:100,(anonymous_1)
FNDA:100,(anonymous_2)
DA:3,10
DA:4,10
DA:5,10
DA:6,10
DA:7,10
DA:8,10
DA:9,10
DA:12,10
DA:13,0
DA:15,10
DA:18,10
DA:21,110
DA:24,100
DA:25,100
DA:28,10
DA:29,100
DA:30,100
DA:34,10
DA:35,10
DA:37,10
LF:20
LH:19
BRDA:7,0,0,10
BRDA:7,0,1,0
BRDA:12,1,0,0
BRDA:12,1,1,10
BRDA:21,2,0,110
BRDA:21,2,1,110
BRDA:21,2,2,100
BRDA:29,3,0,100
BRDA:29,3,1,0
BRF:9
BRH:6
end_of_record
TN:
SF:models\realestate.js
FN:3,(anonymous_0)
FN:10,(anonymous_1)
FNF:2
FNH:2
FNDA:10,(anonymous_0)
FNDA:10,(anonymous_1)
DA:2,10
DA:3,10
DA:12,10
DA:13,10
DA:14,10
DA:15,10
DA:16,10
DA:22,10
DA:56,10
LF:9
LH:9
BRF:0
BRH:0
end_of_record
TN:
SF:models\role.js
FN:3,(anonymous_0)
FN:10,(anonymous_1)
FNF:2
FNH:2
FNDA:10,(anonymous_0)
FNDA:10,(anonymous_1)
DA:2,10
DA:3,10
DA:12,10
DA:13,10
DA:16,10
DA:33,10
LF:6
LH:6
BRF:0
BRH:0
end_of_record
TN:
SF:models\timeline.js
FN:5,(anonymous_0)
FN:12,(anonymous_1)
FNF:2
FNH:2
FNDA:10,(anonymous_0)
FNDA:10,(anonymous_1)
DA:4,10
DA:5,10
DA:14,10
DA:15,10
DA:18,10
DA:53,10
LF:6
LH:6
BRF:0
BRH:0
end_of_record
TN:
SF:models\user.js
FN:4,(anonymous_0)
FN:11,(anonymous_1)
FN:43,(anonymous_2)
FN:44,(anonymous_3)
FN:60,(anonymous_4)
FN:63,(anonymous_5)
FN:64,(anonymous_6)
FN:124,(anonymous_7)
FNF:8
FNH:8
FNDA:10,(anonymous_0)
FNDA:10,(anonymous_1)
FNDA:22,(anonymous_2)
FNDA:22,(anonymous_3)
FNDA:22,(anonymous_4)
FNDA:284,(anonymous_5)
FNDA:2556,(anonymous_6)
FNDA:4,(anonymous_7)
DA:2,10
DA:3,10
DA:4,10
DA:13,10
DA:14,10
DA:15,10
DA:16,10
DA:20,10
DA:24,10
DA:30,10
DA:44,22
DA:45,22
DA:47,2
DA:61,22
DA:62,22
DA:63,22
DA:64,284
DA:65,2556
DA:66,18
DA:70,22
DA:72,18
DA:125,4
DA:132,10
LF:23
LH:23
BRDA:45,0,0,20
BRDA:45,0,1,2
BRDA:65,1,0,18
BRDA:65,1,1,2538
BRDA:70,2,0,4
BRDA:70,2,1,18
BRF:6
BRH:6
end_of_record
TN:
SF:routes\category.js
FNF:0
FNH:0
DA:1,10
DA:2,10
DA:4,10
DA:6,10
LF:4
LH:4
BRF:0
BRH:0
end_of_record
TN:
SF:routes\comment.js
FNF:0
FNH:0
DA:1,10
DA:2,10
DA:3,10
DA:5,10
DA:6,10
DA:7,10
DA:8,10
DA:9,10
DA:10,10
DA:12,10
LF:10
LH:10
BRF:0
BRH:0
end_of_record
TN:
SF:routes\complexRouter.js
FNF:0
FNH:0
DA:1,10
DA:2,10
DA:3,10
DA:4,10
DA:6,10
DA:7,10
DA:8,10
DA:9,10
DA:10,10
DA:11,10
DA:17,10
LF:11
LH:11
BRF:0
BRH:0
end_of_record
TN:
SF:routes\developerRouter.js
FNF:0
FNH:0
DA:1,10
DA:2,10
DA:3,10
DA:4,10
DA:6,10
DA:7,10
DA:8,10
DA:9,10
DA:10,10
DA:11,10
DA:17,10
LF:11
LH:11
BRF:0
BRH:0
end_of_record
TN:
SF:routes\event.js
FNF:0
FNH:0
DA:1,10
DA:2,10
DA:3,10
DA:5,10
DA:6,10
DA:7,10
DA:8,10
DA:9,10
DA:10,10
DA:12,10
LF:10
LH:10
BRF:0
BRH:0
end_of_record
TN:
SF:routes\fee.js
FNF:0
FNH:0
DA:1,10
DA:2,10
DA:3,10
DA:5,10
DA:6,10
DA:7,10
DA:8,10
DA:9,10
DA:10,10
DA:12,10
LF:10
LH:10
BRF:0
BRH:0
end_of_record
TN:
SF:routes\image.js
FNF:0
FNH:0
DA:1,10
DA:2,10
DA:3,10
DA:5,10
DA:7,10
LF:5
LH:5
BRF:0
BRH:0
end_of_record
TN:
SF:routes\index.js
FNF:0
FNH:0
DA:1,10
DA:2,10
DA:3,10
DA:4,10
DA:5,10
DA:6,10
DA:7,10
DA:8,10
DA:9,10
DA:10,10
DA:11,10
DA:12,10
DA:14,10
DA:15,10
DA:16,10
DA:17,10
DA:18,10
DA:19,10
DA:20,10
DA:21,10
DA:22,10
DA:23,10
DA:24,10
DA:26,10
LF:24
LH:24
BRF:0
BRH:0
end_of_record
TN:
SF:routes\realEstateRouter.js
FNF:0
FNH:0
DA:1,10
DA:2,10
DA:3,10
DA:4,10
DA:6,10
DA:7,10
DA:8,10
DA:9,10
DA:10,10
DA:11,10
DA:17,10
LF:11
LH:11
BRF:0
BRH:0
end_of_record
TN:
SF:routes\roleRouter.js
FNF:0
FNH:0
DA:1,10
DA:2,10
DA:3,10
DA:4,10
DA:6,10
DA:7,10
DA:8,10
DA:9,10
DA:10,10
DA:11,10
DA:13,10
LF:11
LH:11
BRF:0
BRH:0
end_of_record
TN:
SF:routes\timeline.js
FNF:0
FNH:0
DA:1,10
DA:2,10
DA:3,10
DA:5,10
DA:6,10
DA:7,10
DA:8,10
DA:9,10
DA:10,10
DA:12,10
LF:10
LH:10
BRF:0
BRH:0
end_of_record
TN:
SF:routes\userRouter.js
FNF:0
FNH:0
DA:1,10
DA:2,10
DA:3,10
DA:4,10
DA:6,10
DA:7,10
DA:8,10
DA:9,10
DA:10,10
DA:15,10
DA:20,10
DA:21,10
DA:22,10
DA:28,10
LF:14
LH:14
BRF:0
BRH:0
end_of_record
