TN:
SF:middlewares\middleware.js
FN:5,(anonymous_0)
FN:23,(anonymous_1)
FN:49,(anonymous_2)
FN:73,(anonymous_3)
FN:85,(anonymous_4)
FN:95,(anonymous_5)
FNF:6
FNH:5
FNDA:79,(anonymous_0)
FNDA:33,(anonymous_1)
FNDA:0,(anonymous_2)
FNDA:5,(anonymous_3)
FNDA:113,(anonymous_4)
FNDA:59,(anonymous_5)
DA:1,11
DA:2,11
DA:6,79
DA:7,79
DA:8,79
DA:10,58
DA:11,58
DA:12,0
DA:14,58
DA:15,58
DA:19,21
DA:24,33
DA:25,33
DA:26,33
DA:28,19
DA:29,19
DA:30,19
DA:35,19
DA:36,19
DA:37,19
DA:38,0
DA:40,19
DA:41,19
DA:45,14
DA:50,0
DA:51,0
DA:52,0
DA:54,0
DA:55,0
DA:60,0
DA:61,0
DA:62,0
DA:64,0
DA:65,0
DA:69,0
DA:74,5
DA:75,5
DA:76,5
DA:77,5
DA:78,3
DA:79,0
DA:81,5
DA:86,113
DA:87,113
DA:88,113
DA:90,113
DA:94,52
DA:95,59
DA:96,61
DA:97,0
DA:98,0
DA:99,61
DA:100,0
DA:101,0
DA:102,61
DA:103,0
DA:104,0
DA:105,61
DA:106,0
DA:107,0
DA:109,113
DA:113,11
LF:62
LH:40
BRDA:8,0,0,21
BRDA:8,0,1,58
BRDA:11,1,0,0
BRDA:11,1,1,58
BRDA:26,2,0,14
BRDA:26,2,1,19
BRDA:36,3,0,0
BRDA:36,3,1,19
BRDA:37,4,0,0
BRDA:37,4,1,19
BRDA:52,5,0,0
BRDA:52,5,1,0
BRDA:60,6,0,0
BRDA:60,6,1,0
BRDA:61,7,0,0
BRDA:61,7,1,0
BRDA:77,8,0,2
BRDA:77,8,1,3
BRDA:78,9,0,0
BRDA:78,9,1,0
BRDA:87,10,0,113
BRDA:87,10,1,55
BRDA:88,11,0,113
BRDA:88,11,1,55
BRDA:90,12,0,52
BRDA:90,12,1,61
BRDA:91,13,0,113
BRDA:91,13,1,64
BRDA:96,14,0,0
BRDA:96,14,1,61
BRDA:99,15,0,0
BRDA:99,15,1,61
BRDA:102,16,0,0
BRDA:102,16,1,61
BRDA:105,17,0,0
BRDA:105,17,1,61
BRF:36
BRH:21
end_of_record
TN:
SF:models\comment.js
FN:3,(anonymous_0)
FN:10,(anonymous_1)
FNF:2
FNH:2
FNDA:11,(anonymous_0)
FNDA:11,(anonymous_1)
DA:2,11
DA:3,11
DA:12,11
DA:13,11
DA:16,11
DA:41,11
LF:6
LH:6
BRF:0
BRH:0
end_of_record
TN:
SF:routes\comment.js
FNF:0
FNH:0
DA:1,11
DA:2,11
DA:3,11
DA:5,11
DA:6,11
DA:7,11
DA:8,11
DA:9,11
DA:11,11
LF:9
LH:9
BRF:0
BRH:0
end_of_record
TN:
SF:routes\fee.js
FNF:0
FNH:0
DA:1,11
DA:2,11
DA:3,11
DA:5,11
DA:6,11
DA:7,11
DA:8,11
DA:9,11
DA:11,11
LF:9
LH:9
BRF:0
BRH:0
end_of_record
